<?xml version="1.0" encoding="utf-8"?><testsuites name="pytest tests"><testsuite name="pytest" errors="0" failures="0" skipped="0" tests="5" time="0.017" timestamp="2025-08-12T17:56:50.366386+03:00" hostname="fedora"><testcase classname="tests.test_hotel.TestHotelBooking" name="test_single_room" time="0.000" /><testcase classname="tests.test_hotel.TestHotelBooking" name="test_double_room" time="0.000" /><testcase classname="tests.test_hotel.TestHotelBooking" name="test_luxury_room" time="0.000" /><testcase classname="tests.test_hotel.TestHotelBooking" name="test_economy_room" time="0.000" /><testcase classname="tests.test_hotel.TestHotelBooking" name="test_premium_suite" time="0.000" /></testsuite></testsuites>