Started by user [8mha:////4C+GROZPFnddYEkzXhHLgmPPBUBRhiAV5CGdTV/1jdRFAAAAmx+LCAAAAAAAAP9b85aBtbiIQTGjNKU4P08vOT+vOD8nVc83PyU1x6OyILUoJzMv2y+/JJUBAhiZGBgqihhk0NSjKDWzXb3RdlLBUSYGJk8GtpzUvPSSDB8G5tKinBIGIZ+sxLJE/ZzEvHT94JKizLx0a6BxUmjGOUNodHsLgAyuEgYB/dLi1CL9/PLUvKrkfKCtAI8niu3FAAAA[0mkevin
Obtained Jenkinsfile from git https://github.com/kevgum/assignment.git
[8mha:////4N1MzJ0VGsp1rHtTG3wxhwccWoVRDfy+oeXnhgAWtk0mAAAAoh+LCAAAAAAAAP9tjTEOwjAQBM8BClpKHuFItIiK1krDC0x8GCfWnbEdkooX8TX+gCESFVvtrLSa5wtWKcKBo5UdUu8otU4GP9jS5Mixv3geZcdn2TIl9igbHBs2eJyx4YwwR1SwULBGaj0nRzbDRnX6rmuvydanHMu2V1A5c4MHCFXMWcf8hSnC9jqYxPTz/BXAFEIGsfuclm8zQVqFvQAAAA==[0m[Pipeline] Start of Pipeline
[8mha:////4MhXHuCR2vddv3KrMnAXiS6WQTJE9aEOn6fyTcwleFonAAAApR+LCAAAAAAAAP9tjTEOwjAUQ3+KOrAycohUghExsUZZOEFIQkgb/d8mKe3EibgadyBQiQlLlmxL1nu+oE4RjhQdby12HpP2vA+jK4lPFLtroIm3dOGaMFGwXNpJkrGnpUrKFhaxClYC1hZ1oOTRZdiIVt1VExS65pxj2Q4CKm8GeAAThZxVzN8yR9jeRpMIf5y/AJj7DGxXvP/86jduZBmjwAAAAA==[0m[Pipeline] node
Running on [8mha:////4KuA/BgzACKt6hjxpKf55GY7+SzlQ2cPNUlemtb8Ql2aAAAAoR+LCAAAAAAAAP9b85aBtbiIQTGjNKU4P08vOT+vOD8nVc83PyU1x6OyILUoJzMv2y+/JJUBAhiZGBgqihhk0NSjKDWzXb3RdlLBUSYGJk8GtpzUvPSSDB8G5tKinBIGIZ+sxLJE/ZzEvHT94JKizLx0a6BxUmjGOUNodHsLgAz2EgZR/eT83ILSktQifY2k0sycEt3MPE19AHHxbH3KAAAA[0mJenkins in /var/lib/jenkins/workspace/DOT503
[8mha:////4AhH+ZxTvPM7/IDU9b1Xjg1/xrAERDPcI/ErS640hn3lAAAApR+LCAAAAAAAAP9tjTEOwjAUQ3+KOrAycoh0gA0xsUZZOEFIQkgb/d8mKe3EibgadyBQiQlLlmxL1nu+oE4RjhQdby12HpP2vA+jK4lPFLtroIm3dOGaMFGwXNpJkrGnpUrKFhaxClYC1hZ1oOTRZdiIVt1VExS65pxj2Q4CKm8GeAAThZxVzN8yR9jeRpMIf5y/AJj7DGxXvP/86jfoP95RwAAAAA==[0m[Pipeline] {
[8mha:////4MFWlDj2T80PYT+OoZ6C8tGKcc06/DizGVMZV4r3OF/RAAAApR+LCAAAAAAAAP9tjTEOwjAUQ3+KOrAycoh0gQkxsUZZOEFIQkgb/d8mKe3EibgadyBQiQlLlmxL1nu+oE4RjhQdby12HpP2vA+jK4lPFLtroIm3dOGaMFGwXNpJkrGnpUrKFhaxClYC1hZ1oOTRZdiIVt1VExS65pxj2Q4CKm8GeAAThZxVzN8yR9jeRpMIf5y/AJj7DGxXvP/86jc09154wAAAAA==[0m[Pipeline] stage
[8mha:////4HtrqOfWzA5RXvsAGZQ1RMXX2G9bG4eXhd+x56OnAzvFAAAApR+LCAAAAAAAAP9tjTEOwjAUQ3+KOrAycoh0ggUxsUZZOEFIQkgb/d8mKe3EibgadyBQiQlLlmxL1nu+oE4RjhQdby12HpP2vA+jK4lPFLtroIm3dOGaMFGwXNpJkrGnpUrKFhaxClYC1hZ1oOTRZdiIVt1VExS65pxj2Q4CKm8GeAAThZxVzN8yR9jeRpMIf5y/AJj7DGxXvP/86jek7ggRwAAAAA==[0m[Pipeline] { (Declarative: Checkout SCM)
[8mha:////4BAUOGv4GE7bY/k6EoOODjnCs/v/wlsH5RGVpSCvw1cSAAAAoh+LCAAAAAAAAP9tjTEOAiEURD9rLGwtPQTbaWGsbAmNJ0AWEZb8zwLrbuWJvJp3kLiJlZNMMm+a93rDOic4UbLcG+wdZu14DKOti0+U+lugiXu6ck2YKRguzSSpM+cFJRUDS1gDKwEbgzpQdmgLbIVXD9UGhba9lFS/o4DGdQM8gYlqLiqVL8wJdvexy4Q/z18BzLEA29ce4gfg7KmOvAAAAA==[0m[Pipeline] checkout
Selected Git installation does not exist. Using Default
The recommended git tool is: NONE
No credentials specified
Cloning the remote Git repository
Cloning repository https://github.com/kevgum/assignment.git
 > git init /var/lib/jenkins/workspace/DOT503 # timeout=10
Fetching upstream changes from https://github.com/kevgum/assignment.git
 > git --version # timeout=10
 > git --version # 'git version 2.50.1'
 > git fetch --tags --force --progress -- https://github.com/kevgum/assignment.git +refs/heads/*:refs/remotes/origin/* # timeout=10
 > git config remote.origin.url https://github.com/kevgum/assignment.git # timeout=10
 > git config --add remote.origin.fetch +refs/heads/*:refs/remotes/origin/* # timeout=10
Avoid second fetch
 > git rev-parse refs/remotes/origin/main^{commit} # timeout=10
Checking out Revision ffed72f364bc20450e8302da0f97b339bab10ea0 (refs/remotes/origin/main)
 > git config core.sparsecheckout # timeout=10
 > git checkout -f ffed72f364bc20450e8302da0f97b339bab10ea0 # timeout=10
Commit message: "Added Jenkins configuration and build artifacts"
First time build. Skipping changelog.
[8mha:////4G42ibOacs4Pl1csObD6uaw3Za+rM8rGxWeEY2LIQ261AAAAoh+LCAAAAAAAAP9tjTEOAiEURD9rLGwtPQTbGRNjZUtoPAGyiLDkfxZYdytP5NW8g8RNrJxkknnTvNcb1jnBiZLl3mDvMGvHYxhtXXyi1N8CTdzTlWvCTMFwaSZJnTkvKKkYWMIaWAnYGNSBskNbYCu8eqg2KLTtpaT6HQU0rhvgCUxUc1GpfGFOsLuPXSb8ef4KYI6xADvU7j9Dg2gqvAAAAA==[0m[Pipeline] }
[8mha:////4HZH1Dmc9WlsH4/hJs+Txrae+P5zPP7xmiZ0AiqqZ8VVAAAAoh+LCAAAAAAAAP9tjTEOAiEURD9rLGwtPQRbWRhjZUtoPAGyiLDkfxZYdytP5NW8g8RNrJxkknnTvNcb1jnBiZLl3mDvMGvHYxhtXXyi1N8CTdzTlWvCTMFwaSZJnTkvKKkYWMIaWAnYGNSBskNbYCu8eqg2KLTtpaT6HQU0rhvgCUxUc1GpfGFOsLuPXSb8ef4KYI6xADvU7j9J+wGOvAAAAA==[0m[Pipeline] // stage
[8mha:////4OCUYBpKHdVedb/j/hyBVwqs0vo2/QXrBcCVyLuURM8JAAAAph+LCAAAAAAAAP9tjTEOwjAQBM9BKWgpeYQDEh2iorXc8AITG+PEugv2haTiRXyNPxCIRMVWOyut5vmCMic4UPKycdgGzHWQXez91ORAqb1EGmRDZ1kTZopOajdosu44oyZ2MEcUsFCwdFhHygE9w0o15m6qaNBXJ07TtldQBHuDBwg1mdkk/sKYYH3tbSb8ef4KYOwYxI6h2G4+x/INtuQqUcEAAAA=[0m[Pipeline] withEnv
[8mha:////4EORoyWXQNyaiWYTnLio6lft3bBV1zXBAGuC0OeV5dASAAAApR+LCAAAAAAAAP9tjTEOwjAUQ3+DOrAycoiUzoiJNerCCUITQtLo/zZJSSdOxNW4Ay2VmPBg2Zas93pDGQOcKBjuNHYWY2t570czJ54pdDdPmTu68pYwkte80bkhpc9rbShpWFUw2AjYamw9RYsmwU44+ZCVl2iqSwrzdhTArBrgCYWYyUmG9C1TgP19VJHwx/kLgKlPwOrDYvXyLD8BobDcwgAAAA==[0m[Pipeline] {
[8mha:////4E2VglqxOrYt06JyNuy9Q56YwNSv9UeXtqSfJpCp5m6KAAAAph+LCAAAAAAAAP9tjTEOwjAUQ3+LOrAycohUZUVMrFEWThCaEJJG/7dJSjpxIq7GHWipxIQHy7ZkvdcbqhjgRMEwp7GzGFvLej+aObFMobt5yszRlbWEkbxmQmdBSp/XKihpWFWUsOGw1dh6ihZNgh138iFrL9HUlxTm7cihtGqAJxR8JicZ0rdMAfb3UUXCH+cvAKY+Qdk0ix2WZ/UBbwyqm8IAAAA=[0m[Pipeline] withEnv
[8mha:////4JUT0VXBnMTphCyl5JqvBPRmx0VkyclN2as6UBKST0WHAAAAph+LCAAAAAAAAP9tjTEOwjAUQ3+LOrAycohUwIiYukZZOEFoQkgb/V9+UtqJE3E17kBLJSY8WLYl673eUESGE7ETjcXWY6y96ELvpiQG4vYaaBANXURNGClYoeygyNhqqYqShUVZDisJa4t1oOjRJdjIRj90GTS68px42o4Scm/u8IRMTuSkOX3LyLC99SYS/jh/ATB2CfLdfrbD/Cw+y7kUycIAAAA=[0m[Pipeline] {
[8mha:////4Jg9V6zhO45AIiLZgsjeZSTtYgYoXD+57Ul7UAmgv8P+AAAApx+LCAAAAAAAAP9tjTEOwjAUQ3+LOrAycohUCDbE1DXKwglCE0La6P/yk9JOnIircQdaKjHhwbItWe/1hiIynIidaCy2HmPtRRd6NyUxELfXQINo6CJqwkjBCmUHRcZWS1WULCzKclhJWFusA0WPLsFGNvqhy6DRlefE03aUkHtzhydkciInzelbRobtrTeR8Mf5C4CxS5Dv9rMd5mfxAbNWnxXCAAAA[0m[Pipeline] stage
[8mha:////4IxbN27mvLFraqgQFzLZirMzqrYZaADS/Ii/7cBvWJJKAAAApx+LCAAAAAAAAP9tjTEOwjAUQ3+LOrAycohUSDAhpq5RFk4QmhDSRv+Xn5R24kRcjTvQUokJD5ZtyXqvNxSR4UTsRGOx9RhrL7rQuymJgbi9BhpEQxdRE0YKVig7KDK2WqqiZGFRlsNKwtpiHSh6dAk2stEPXQaNrjwnnrajhNybOzwhkxM5aU7fMjJsb72JhD/OXwCMXYJ8t5/tMD+LD5WQ+PfCAAAA[0m[Pipeline] { (Checkout)
[8mha:////4HId9C/dPvYIPnu7eA8YhPhKWUtvqw86ke+1G/QucWAFAAAApB+LCAAAAAAAAP9tjTEOwjAQBC9BFLSUPOIiCmgQVVrLDS8wsTFOrDtjOyQVL+Jr/IFAJCq2WO1sM88XLFOEI0eLraHOUWocBt/baeHAsbt4HrDlMzZMib1BaQbJ2tQzSs4G5hQlLASsDDWekyObYS1adVeVV2SrU47TdxBQOn2DBxRiMmcV8xfGCJtrrxPTz/NXAGPIUG53n9qHN7LjSKW+AAAA[0m[Pipeline] echo
Checking out source code...
[8mha:////4Kc81/wcS4vP1UySzio+b11MJR/8iU03wVLne0FQ+2J1AAAApR+LCAAAAAAAAP9tjTEOwjAQBC9BFLSUPOIiCkSBqNJabniBiY1xYt0Z2yGpeBFf4w8EIlGxxWpnm3m+YJkiHDlabA11jlLjMPjeTgsHjt3F84Atn7FhSuwNSjNI1qaeUXI2MKcoYSFgZajxnBzZDGvRqruqvCJbnXKcvoOA0ukbPKAQkzmrmL8wRthce52Yfp6/AhhDhnK7+9Q+vAHz0lO8vgAAAA==[0m[Pipeline] checkout
Selected Git installation does not exist. Using Default
The recommended git tool is: NONE
No credentials specified
 > git rev-parse --resolve-git-dir /var/lib/jenkins/workspace/DOT503/.git # timeout=10
Fetching changes from the remote Git repository
 > git config remote.origin.url https://github.com/kevgum/assignment.git # timeout=10
Fetching upstream changes from https://github.com/kevgum/assignment.git
 > git --version # timeout=10
 > git --version # 'git version 2.50.1'
 > git fetch --tags --force --progress -- https://github.com/kevgum/assignment.git +refs/heads/*:refs/remotes/origin/* # timeout=10
 > git rev-parse refs/remotes/origin/main^{commit} # timeout=10
Checking out Revision ffed72f364bc20450e8302da0f97b339bab10ea0 (refs/remotes/origin/main)
 > git config core.sparsecheckout # timeout=10
 > git checkout -f ffed72f364bc20450e8302da0f97b339bab10ea0 # timeout=10
Commit message: "Added Jenkins configuration and build artifacts"
[8mha:////4GWW906mYPNeaL4ir2gx0+oOClTrRDhReV751gV0SXGXAAAApR+LCAAAAAAAAP9tjTEOwjAQBC9BFLSUPOIiCiQkRJXWcsMLTGyME+vO2A5JxYv4Gn8gEImKLVY728zzBcsU4cjRYmuoc5Qah8H3dlo4cOwungds+YwNU2JvUJpBsjb1jJKzgTlFCQsBK0ON5+TIZliLVt1V5RXZ6pTj9B0ElE7f4AGFmMxZxfyFMcLm2uvE9PP8FcAYQoZyu//U7g1b0dOKvgAAAA==[0m[Pipeline] }
[8mha:////4BlRGVnpPt5x0zDcQmOA/T/wdEoyCqDvMgCLN+mQOq1dAAAApR+LCAAAAAAAAP9tjTEOwjAQBC9BFLSUPOIiJBqEqNJabniBiY1xYt0Z2yGpeBFf4w8EIlGxxWpnm3m+YJkiHDlabA11jlLjMPjeTgsHjt3F84Atn7FhSuwNSjNI1qaeUXI2MKcoYSFgZajxnBzZDGvRqruqvCJbnXKcvoOA0ukbPKAQkzmrmL8wRthce52Yfp6/AhhDyFBu95/avQFoMog2vgAAAA==[0m[Pipeline] // stage
[8mha:////4JbFKNYkaS2Z6M4ESPQSWYPf9E+o6Bi5Li+k55sBbAF5AAAApx+LCAAAAAAAAP9tjT0OwjAUg1+LOrAycoiUnxF1Yo26cILQhJA0eq8kKenEibgadyBQiQkPlm3J+p4vqIKHhrxmVmFvMHSGDW7UObFEvr84SszSmXWEgZxirUotSXWca0tRwayihAWHpcLOUTCoI6y4FXdRO4G6PkWftwOH0sgbPKDgmRyFj98yeVhfRxkIf5y/AJiGCOV2n223+TyrNzgO5r/CAAAA[0m[Pipeline] stage
[8mha:////4K/K9VEuw+X6H5lGy6s0mUye0EYUX6qT5d7820nAp4jrAAAAph+LCAAAAAAAAP9tjTEOwjAUQ3+LOrAycogUWBFT1ygLJwhNCGmj/8tPSjtxIq7GHWipxIQHy7ZkvdcbishwInaisdh6jLUXXejdlMRA3F4DDaKhi6gJIwUrlB0UGVstVVGysCjLYSVhbbEOFD26BBvZ6Icug0ZXnhNP21FC7s0dnpDJiZw0p28ZGba33kTCH+cvAMYuQX7Yzbafn8UHbGnGmsIAAAA=[0m[Pipeline] { (Setup Environment)
[8mha:////4HiRNmkmfrYWpiBlwH65RwS3In+mxgSFUl2L3F45TAcfAAAAox+LCAAAAAAAAP9tjTEOwjAQBC9BFLSUPOIi0iIqWisNLzCJMXasO8d2cCpexNf4A4FIVGyx2tlmni9YxwBHDhqtot5QbA16N+p5YebQXx1ntHzBlimyU9io3HCnTgs2nBQsKUpYCdgoah1HQzrBVlh5l5WTpKtzCvN3EFCaboAHFGI2JxnSF6YAu9vYRaaf568AJp+grPefqv0bH7uiub4AAAA=[0m[Pipeline] echo
Setting up Python environment...
[8mha:////4C7pKUIZeYM78SbDaf6bdfDGgtZRn5ZBQUlJ0eejdAQ1AAAAph+LCAAAAAAAAP9tjTEOwjAUQ3+LOrAycohUwIiYukZZOEFoQkgb/V9+UtqJE3E17kBLJSY8WLYl673eUESGE7ETjcXWY6y96ELvpiQG4vYaaBANXURNGClYoeygyNhqqYqShUVZDisJa4t1oOjRJdjIRj90GTS68px42o4Scm/u8IRMTuSkOX3LyLC99SYS/jh/ATB2CfL9brbD/Cw+pxeAFsIAAAA=[0m[Pipeline] script
[8mha:////4N0FI+/sNxXe6tFWrMmqhQnLmgZhnV98WbFSxUX4DoZWAAAApx+LCAAAAAAAAP9tjTEOwjAUQ3+LOrAycohUAjbE1DXKwglCE0La6P/yk9JOnIircQdaKjHhwbItWe/1hiIynIidaCy2HmPtRRd6NyUxELfXQINo6CJqwkjBCmUHRcZWS1WULCzKclhJWFusA0WPLsFGNvqhy6DRlefE03aUkHtzhydkciInzelbRobtrTeR8Mf5C4CxS5Dv9rMd5mfxAd6e6VPCAAAA[0m[Pipeline] {
[8mha:////4KpUFNc67fTFjyjiFZZqzfL2pAccj7oEX6HNQTku830YAAAApB+LCAAAAAAAAP9tjTEOwjAQBC9BFLSUPOIiIagQVVrLDS8wsTFOrDtjOyQVL+Jr/IFAJCq2WO1sM88XLFOEI0eLraHOUWocBt/baeHAsbt4HrDlMzZMib1BaQbJ2tQzSs4G5hQlLASsDDWekyObYS1adVeVV2SrU47TdxBQOn2DBxRiMmcV8xfGCJtrrxPTz/NXAGPIUG53n9qHN38C26S+AAAA[0m[Pipeline] isUnix
[8mha:////4JFQE2pODQ9/HjCi4kaOoAB/vvUbNFzvrqnpZYUiX9etAAAApR+LCAAAAAAAAP9tjTEOwjAQBC9BFLSUPOIiIUSDqNJabniBiY1xYt0Z2yGpeBFf4w8EIlGxxWpnm3m+YJkiHDlabA11jlLjMPjeTgsHjt3F84Atn7FhSuwNSjNI1qaeUXI2MKcoYSFgZajxnBzZDGvRqruqvCJbnXKcvoOA0ukbPKAQkzmrmL8wRthce52Yfp6/AhhDhnK7+9Q+vAG8UfaPvgAAAA==[0m[Pipeline] sh
+ python3 --version
Python 3.13.5
+ command -v pip3
+ pip3 --version
pip 24.3.1 from /usr/lib/python3.13/site-packages/pip (python 3.13)
+ pip3 install --user -r requirements.txt
Collecting pytest (from -r requirements.txt (line 1))
  Downloading pytest-8.4.1-py3-none-any.whl.metadata (7.7 kB)
Collecting pytest-html (from -r requirements.txt (line 2))
  Downloading pytest_html-4.1.1-py3-none-any.whl.metadata (3.9 kB)
Collecting pytest-cov (from -r requirements.txt (line 3))
  Downloading pytest_cov-6.2.1-py3-none-any.whl.metadata (30 kB)
Collecting pytest-xdist (from -r requirements.txt (line 4))
  Downloading pytest_xdist-3.8.0-py3-none-any.whl.metadata (3.0 kB)
Requirement already satisfied: setuptools in /usr/lib/python3.13/site-packages (from -r requirements.txt (line 5)) (74.1.3)
Collecting wheel (from -r requirements.txt (line 6))
  Downloading wheel-0.45.1-py3-none-any.whl.metadata (2.3 kB)
Collecting pyinstaller (from -r requirements.txt (line 7))
  Downloading pyinstaller-6.15.0-py3-none-manylinux2014_x86_64.whl.metadata (8.4 kB)
Collecting black (from -r requirements.txt (line 8))
  Downloading black-25.1.0-cp313-cp313-manylinux_2_17_x86_64.manylinux2014_x86_64.manylinux_2_28_x86_64.whl.metadata (81 kB)
Collecting flake8 (from -r requirements.txt (line 9))
  Downloading flake8-7.3.0-py2.py3-none-any.whl.metadata (3.8 kB)
Collecting mypy (from -r requirements.txt (line 10))
  Downloading mypy-1.17.1-cp313-cp313-manylinux2014_x86_64.manylinux_2_17_x86_64.manylinux_2_28_x86_64.whl.metadata (2.2 kB)
Collecting iniconfig>=1 (from pytest->-r requirements.txt (line 1))
  Downloading iniconfig-2.1.0-py3-none-any.whl.metadata (2.7 kB)
Requirement already satisfied: packaging>=20 in /usr/lib/python3.13/site-packages (from pytest->-r requirements.txt (line 1)) (24.2)
Collecting pluggy<2,>=1.5 (from pytest->-r requirements.txt (line 1))
  Downloading pluggy-1.6.0-py3-none-any.whl.metadata (4.8 kB)
Collecting pygments>=2.7.2 (from pytest->-r requirements.txt (line 1))
  Downloading pygments-2.19.2-py3-none-any.whl.metadata (2.5 kB)
Collecting jinja2>=3.0.0 (from pytest-html->-r requirements.txt (line 2))
  Downloading jinja2-3.1.6-py3-none-any.whl.metadata (2.9 kB)
Collecting pytest-metadata>=2.0.0 (from pytest-html->-r requirements.txt (line 2))
  Downloading pytest_metadata-3.1.1-py3-none-any.whl.metadata (8.6 kB)
Collecting coverage>=7.5 (from coverage[toml]>=7.5->pytest-cov->-r requirements.txt (line 3))
  Downloading coverage-7.10.3-cp313-cp313-manylinux1_x86_64.manylinux_2_28_x86_64.manylinux_2_5_x86_64.whl.metadata (8.9 kB)
Collecting execnet>=2.1 (from pytest-xdist->-r requirements.txt (line 4))
  Downloading execnet-2.1.1-py3-none-any.whl.metadata (2.9 kB)
Collecting altgraph (from pyinstaller->-r requirements.txt (line 7))
  Downloading altgraph-0.17.4-py2.py3-none-any.whl.metadata (7.3 kB)
Collecting pyinstaller-hooks-contrib>=2025.8 (from pyinstaller->-r requirements.txt (line 7))
  Downloading pyinstaller_hooks_contrib-2025.8-py3-none-any.whl.metadata (16 kB)
Requirement already satisfied: click>=8.0.0 in /usr/lib/python3.13/site-packages (from black->-r requirements.txt (line 8)) (8.1.7)
Collecting mypy-extensions>=0.4.3 (from black->-r requirements.txt (line 8))
  Downloading mypy_extensions-1.1.0-py3-none-any.whl.metadata (1.1 kB)
Collecting pathspec>=0.9.0 (from black->-r requirements.txt (line 8))
  Downloading pathspec-0.12.1-py3-none-any.whl.metadata (21 kB)
Collecting platformdirs>=2 (from black->-r requirements.txt (line 8))
  Downloading platformdirs-4.3.8-py3-none-any.whl.metadata (12 kB)
Collecting mccabe<0.8.0,>=0.7.0 (from flake8->-r requirements.txt (line 9))
  Downloading mccabe-0.7.0-py2.py3-none-any.whl.metadata (5.0 kB)
Collecting pycodestyle<2.15.0,>=2.14.0 (from flake8->-r requirements.txt (line 9))
  Downloading pycodestyle-2.14.0-py2.py3-none-any.whl.metadata (4.5 kB)
Collecting pyflakes<3.5.0,>=3.4.0 (from flake8->-r requirements.txt (line 9))
  Downloading pyflakes-3.4.0-py2.py3-none-any.whl.metadata (3.5 kB)
Requirement already satisfied: typing_extensions>=4.6.0 in /usr/lib/python3.13/site-packages (from mypy->-r requirements.txt (line 10)) (4.12.2)
Requirement already satisfied: MarkupSafe>=2.0 in /usr/lib64/python3.13/site-packages (from jinja2>=3.0.0->pytest-html->-r requirements.txt (line 2)) (3.0.2)
Downloading pytest-8.4.1-py3-none-any.whl (365 kB)
Downloading pytest_html-4.1.1-py3-none-any.whl (23 kB)
Downloading pytest_cov-6.2.1-py3-none-any.whl (24 kB)
Downloading pytest_xdist-3.8.0-py3-none-any.whl (46 kB)
Downloading wheel-0.45.1-py3-none-any.whl (72 kB)
Downloading pyinstaller-6.15.0-py3-none-manylinux2014_x86_64.whl (732 kB)
   ‚îÅ‚îÅ‚îÅ‚îÅ‚îÅ‚îÅ‚îÅ‚îÅ‚îÅ‚îÅ‚îÅ‚îÅ‚îÅ‚îÅ‚îÅ‚îÅ‚îÅ‚îÅ‚îÅ‚îÅ‚îÅ‚îÅ‚îÅ‚îÅ‚îÅ‚îÅ‚îÅ‚îÅ‚îÅ‚îÅ‚îÅ‚îÅ‚îÅ‚îÅ‚îÅ‚îÅ‚îÅ‚îÅ‚îÅ‚îÅ 732.2/732.2 kB 1.9 MB/s eta 0:00:00
Downloading black-25.1.0-cp313-cp313-manylinux_2_17_x86_64.manylinux2014_x86_64.manylinux_2_28_x86_64.whl (1.8 MB)
   ‚îÅ‚îÅ‚îÅ‚îÅ‚îÅ‚îÅ‚îÅ‚îÅ‚îÅ‚îÅ‚îÅ‚îÅ‚îÅ‚îÅ‚îÅ‚îÅ‚îÅ‚îÅ‚îÅ‚îÅ‚îÅ‚îÅ‚îÅ‚îÅ‚îÅ‚îÅ‚îÅ‚îÅ‚îÅ‚îÅ‚îÅ‚îÅ‚îÅ‚îÅ‚îÅ‚îÅ‚îÅ‚îÅ‚îÅ‚îÅ 1.8/1.8 MB 1.4 MB/s eta 0:00:00
Downloading flake8-7.3.0-py2.py3-none-any.whl (57 kB)
Downloading mypy-1.17.1-cp313-cp313-manylinux2014_x86_64.manylinux_2_17_x86_64.manylinux_2_28_x86_64.whl (12.7 MB)
   ‚îÅ‚îÅ‚îÅ‚îÅ‚îÅ‚îÅ‚îÅ‚îÅ‚îÅ‚îÅ‚îÅ‚îÅ‚îÅ‚îÅ‚îÅ‚îÅ‚îÅ‚îÅ‚îÅ‚îÅ‚îÅ‚îÅ‚îÅ‚îÅ‚îÅ‚îÅ‚îÅ‚îÅ‚îÅ‚îÅ‚îÅ‚îÅ‚îÅ‚îÅ‚îÅ‚îÅ‚îÅ‚îÅ‚îÅ‚îÅ 12.7/12.7 MB 1.6 MB/s eta 0:00:00
Downloading coverage-7.10.3-cp313-cp313-manylinux1_x86_64.manylinux_2_28_x86_64.manylinux_2_5_x86_64.whl (250 kB)
Downloading execnet-2.1.1-py3-none-any.whl (40 kB)
Downloading iniconfig-2.1.0-py3-none-any.whl (6.0 kB)
Downloading jinja2-3.1.6-py3-none-any.whl (134 kB)
Downloading mccabe-0.7.0-py2.py3-none-any.whl (7.3 kB)
Downloading mypy_extensions-1.1.0-py3-none-any.whl (5.0 kB)
Downloading pathspec-0.12.1-py3-none-any.whl (31 kB)
Downloading platformdirs-4.3.8-py3-none-any.whl (18 kB)
Downloading pluggy-1.6.0-py3-none-any.whl (20 kB)
Downloading pycodestyle-2.14.0-py2.py3-none-any.whl (31 kB)
Downloading pyflakes-3.4.0-py2.py3-none-any.whl (63 kB)
Downloading pygments-2.19.2-py3-none-any.whl (1.2 MB)
   ‚îÅ‚îÅ‚îÅ‚îÅ‚îÅ‚îÅ‚îÅ‚îÅ‚îÅ‚îÅ‚îÅ‚îÅ‚îÅ‚îÅ‚îÅ‚îÅ‚îÅ‚îÅ‚îÅ‚îÅ‚îÅ‚îÅ‚îÅ‚îÅ‚îÅ‚îÅ‚îÅ‚îÅ‚îÅ‚îÅ‚îÅ‚îÅ‚îÅ‚îÅ‚îÅ‚îÅ‚îÅ‚îÅ‚îÅ‚îÅ 1.2/1.2 MB 1.9 MB/s eta 0:00:00
Downloading pyinstaller_hooks_contrib-2025.8-py3-none-any.whl (442 kB)
Downloading pytest_metadata-3.1.1-py3-none-any.whl (11 kB)
Downloading altgraph-0.17.4-py2.py3-none-any.whl (21 kB)
Installing collected packages: altgraph, wheel, pyinstaller-hooks-contrib, pygments, pyflakes, pycodestyle, pluggy, platformdirs, pathspec, mypy-extensions, mccabe, jinja2, iniconfig, execnet, coverage, pytest, pyinstaller, mypy, flake8, black, pytest-xdist, pytest-metadata, pytest-cov, pytest-html
  WARNING: The script wheel is installed in '/var/lib/jenkins/.local/bin' which is not on PATH.
  Consider adding this directory to PATH or, if you prefer to suppress this warning, use --no-warn-script-location.
  WARNING: The script pygmentize is installed in '/var/lib/jenkins/.local/bin' which is not on PATH.
  Consider adding this directory to PATH or, if you prefer to suppress this warning, use --no-warn-script-location.
  WARNING: The script pyflakes is installed in '/var/lib/jenkins/.local/bin' which is not on PATH.
  Consider adding this directory to PATH or, if you prefer to suppress this warning, use --no-warn-script-location.
  WARNING: The script pycodestyle is installed in '/var/lib/jenkins/.local/bin' which is not on PATH.
  Consider adding this directory to PATH or, if you prefer to suppress this warning, use --no-warn-script-location.
  WARNING: The scripts coverage, coverage-3.13 and coverage3 are installed in '/var/lib/jenkins/.local/bin' which is not on PATH.
  Consider adding this directory to PATH or, if you prefer to suppress this warning, use --no-warn-script-location.
  WARNING: The scripts py.test and pytest are installed in '/var/lib/jenkins/.local/bin' which is not on PATH.
  Consider adding this directory to PATH or, if you prefer to suppress this warning, use --no-warn-script-location.
  WARNING: The scripts pyi-archive_viewer, pyi-bindepend, pyi-grab_version, pyi-makespec, pyi-set_version and pyinstaller are installed in '/var/lib/jenkins/.local/bin' which is not on PATH.
  Consider adding this directory to PATH or, if you prefer to suppress this warning, use --no-warn-script-location.
  WARNING: The scripts dmypy, mypy, mypyc, stubgen and stubtest are installed in '/var/lib/jenkins/.local/bin' which is not on PATH.
  Consider adding this directory to PATH or, if you prefer to suppress this warning, use --no-warn-script-location.
  WARNING: The script flake8 is installed in '/var/lib/jenkins/.local/bin' which is not on PATH.
  Consider adding this directory to PATH or, if you prefer to suppress this warning, use --no-warn-script-location.
  WARNING: The scripts black and blackd are installed in '/var/lib/jenkins/.local/bin' which is not on PATH.
  Consider adding this directory to PATH or, if you prefer to suppress this warning, use --no-warn-script-location.
Successfully installed altgraph-0.17.4 black-25.1.0 coverage-7.10.3 execnet-2.1.1 flake8-7.3.0 iniconfig-2.1.0 jinja2-3.1.6 mccabe-0.7.0 mypy-1.17.1 mypy-extensions-1.1.0 pathspec-0.12.1 platformdirs-4.3.8 pluggy-1.6.0 pycodestyle-2.14.0 pyflakes-3.4.0 pygments-2.19.2 pyinstaller-6.15.0 pyinstaller-hooks-contrib-2025.8 pytest-8.4.1 pytest-cov-6.2.1 pytest-html-4.1.1 pytest-metadata-3.1.1 pytest-xdist-3.8.0 wheel-0.45.1
[8mha:////4HFh9et/YFjGqEeF6K/ILX7DApkwFZxG42Vdi6ahpf38AAAApR+LCAAAAAAAAP9tjTEOwjAQBC9BFLSUPOIiISQKRJXWcsMLTGyME+vO2A5JxYv4Gn8gEImKLVY728zzBcsU4cjRYmuoc5Qah8H3dlo4cOwungds+YwNU2JvUJpBsjb1jJKzgTlFCQsBK0ON5+TIZliLVt1V5RXZ6pTj9B0ElE7f4AGFmMxZxfyFMcLm2uvE9PP8FcAYQoZyu//U7g1GGkcWvgAAAA==[0m[Pipeline] }
[8mha:////4DvvioxGYkz8wVs2M2K5NRFEXxZIUIa2ri9xzaiqqtn4AAAApR+LCAAAAAAAAP9tjTEOwjAQBC9BFLSUPOIiQYOEqNJabniBiY1xYt0Z2yGpeBFf4w8EIlGxxWpnm3m+YJkiHDlabA11jlLjMPjeTgsHjt3F84Atn7FhSuwNSjNI1qaeUXI2MKcoYSFgZajxnBzZDGvRqruqvCJbnXKcvoOA0ukbPKAQkzmrmL8wRthce52Yfp6/AhhDyFBu95/avQEwPXV5vgAAAA==[0m[Pipeline] // script
[8mha:////4Kg506bikn20ZnkQ+QkYoM1/KPYzp1nPqKoKBQg66NmQAAAApB+LCAAAAAAAAP9tjTEOwjAQBC9BFLSUPOIi6BCiSmu54QUmNsaJdWdsh6TiRXyNPxCIRMUWq51t5vmCZYpw5GixNdQ5So3D4Hs7LRw4dhfPA7Z8xoYpsTcozSBZm3pGydnAnKKEhYCVocZzcmQzrEWr7qryimx1ynH6DgJKp2/wgEJM5qxi/sIYYXPtdWL6ef4KYAwhQ7nbf2r7BrmPJ1y+AAAA[0m[Pipeline] }
[8mha:////4FlVKUjMfSXhhxXkacdfCGUGF7UbzFM6q0VqLB856H3/AAAApB+LCAAAAAAAAP9tjTEOwjAQBC9BFLSUPOISQYmo0lppeIGJjXFi3RnbIal4EV/jD1hEomKL1c4283rDOgY4cTDYaxosxc6id6PJCycOw9XxhD1fsGOK7DS2empZ6WbBlpOGJUUJKwEbTZ3jaMkk2IpePmTlJJnqnEL+jgJKq+7whEJkc5IhfWEOsLuNKjL9PH8FMHufoDzUufb1B1PlWKq+AAAA[0m[Pipeline] // stage
[8mha:////4LkC9Oz7iGQy76oHObb/8i9dnhz+0FC1yd27xKO7tAF1AAAApx+LCAAAAAAAAP9tjTEOwjAUQ3+DOrAycohUVUfExBp14QQhDSFp9H+bpLQTJ+Jq3IFAJSY8WLYl6z1fUMYARwqGO429xagsH/xkcuIzhf7qaeaOLlwRRvKat3puqdOntbaUNKwqGGwEbDUqT9GiSbATTt5l5SWa6pxC3g4CmO1GeEAhMjnJkL5lCbC/TV0k/HH+AmAZErC6ydbUn2f5BinWzdLCAAAA[0m[Pipeline] stage
[8mha:////4GV9iFFqr3jJyYomsz8w8Iklk8BX2UqDGovDqAndvPcpAAAAph+LCAAAAAAAAP9tjTEOwjAUQ3+LOrAycohUwIiYukZZOEFoQkgb/V9+UtqJE3E17kBLJSY8WLYl673eUESGE7ETjcXWY6y96ELvpiQG4vYaaBANXURNGClYoeygyNhqqYqShUVZDisJa4t1oOjRJdjIRj90GTS68px42o4Scm/u8IRMTuSkOX3LyLC99SYS/jh/ATB2CfLDbrb9/Cw+2YMO4MIAAAA=[0m[Pipeline] { (Compile)
[8mha:////4EZu36S2P4yF+zcJqxdbjSnYca9/hVzABzBB3d0pG+VhAAAAox+LCAAAAAAAAP9tjTEOwjAQBC9BFLSUPOIikRJR0VppeIFJjLFj3Tm2g1PxIr7GHwhEomKL1c4283zBOgY4ctBoFfWGYmvQu1HPCzOH/uo4o+ULtkyRncJG5YY7dVqw4aRgSVHCSsBGUes4GtIJtsLKu6ycJF2dU5i/g4DSdAM8oBCzOcmQvjAF2N3GLjL9PH8FMPkEZb3/VO3favo5XL4AAAA=[0m[Pipeline] echo
Compiling Python code...
[8mha:////4C9R5qX46d70sUyvEGYF5UAJoVTk5codsMebqxxjp177AAAApx+LCAAAAAAAAP9tjTEOwjAUQ3+LOrAycohUAjbE1DXKwglCE0La6P/yk9JOnIircQdaKjHhwbItWe/1hiIynIidaCy2HmPtRRd6NyUxELfXQINo6CJqwkjBCmUHRcZWS1WULCzKclhJWFusA0WPLsFGNvqhy6DRlefE03aUkHtzhydkciInzelbRobtrTeR8Mf5C4CxS5Dvd7Md5mfxAcUGta/CAAAA[0m[Pipeline] script
[8mha:////4CFbqMSrqAdAuOSyiZ4FaclREKOxm1mEzqdPkRxo8Pj6AAAApx+LCAAAAAAAAP9tjTEOwjAUQ3+LOrAycoh0ACbE1DXKwglCE0La6P/yk9JOnIircQdaKjHhwbItWe/1hiIynIidaCy2HmPtRRd6NyUxELfXQINo6CJqwkjBCmUHRcZWS1WULCzKclhJWFusA0WPLsFGNvqhy6DRlefE03aUkHtzhydkciInzelbRobtrTeR8Mf5C4CxS5Dv9rMd5mfxASMfXIzCAAAA[0m[Pipeline] {
[8mha:////4GKpoYneBdnas4iCamCQ/gOAsw4tIj0ohSW+BKhP+xZXAAAApB+LCAAAAAAAAP9tjTEOwjAQBC9BFLSUPOJSIGgQVVrLDS8wsTFOrDtjOyQVL+Jr/IFAJCq2WO1sM88XLFOEI0eLraHOUWocBt/baeHAsbt4HrDlMzZMib1BaQbJ2tQzSs4G5hQlLASsDDWekyObYS1adVeVV2SrU47TdxBQOn2DBxRiMmcV8xfGCJtrrxPTz/NXAGPIUG53n9qHN6Ew6eS+AAAA[0m[Pipeline] isUnix
[8mha:////4CN58pkg+uN324SvtCRHOE3Is/jroZKPKdJEtEKS9qYuAAAApR+LCAAAAAAAAP9tjTEOwjAQBC9BFLSUPOJSIESBqNJabniBiY1xYt0Z2yGpeBFf4w8EIlGxxWpnm3m+YJkiHDlabA11jlLjMPjeTgsHjt3F84Atn7FhSuwNSjNI1qaeUXI2MKcoYSFgZajxnBzZDGvRqruqvCJbnXKcvoOA0ukbPKAQkzmrmL8wRthce52Yfp6/AhhDhnK7+9Q+vAHgAfL9vgAAAA==[0m[Pipeline] sh
+ command -v mvn
+ echo 'Using Maven...'
Using Maven...
+ mvn clean compile
[INFO] Scanning for projects...
[INFO] 
[INFO] -------------------< com.hotel:hotel-booking-system >-------------------
[INFO] Building Hotel Booking System 1.0.0
[INFO]   from pom.xml
[INFO] --------------------------------[ pom ]---------------------------------
Downloading from central: https://repo.maven.apache.org/maven2/org/apache/maven/plugins/maven-clean-plugin/3.2.0/maven-clean-plugin-3.2.0.pom
Progress (1): 1.4/5.3 kB
Progress (1): 2.8/5.3 kB
Progress (1): 4.1/5.3 kB
Progress (1): 5.3 kB    
                    
Downloaded from central: https://repo.maven.apache.org/maven2/org/apache/maven/plugins/maven-clean-plugin/3.2.0/maven-clean-plugin-3.2.0.pom (5.3 kB at 4.3 kB/s)
Downloading from central: https://repo.maven.apache.org/maven2/org/apache/maven/plugins/maven-plugins/35/maven-plugins-35.pom
Progress (1): 1.4/9.9 kB
Progress (1): 2.8/9.9 kB
Progress (1): 4.1/9.9 kB
Progress (1): 5.5/9.9 kB
Progress (1): 6.9/9.9 kB
Progress (1): 8.3/9.9 kB
Progress (1): 9.7/9.9 kB
Progress (1): 9.9 kB    
                    
Downloaded from central: https://repo.maven.apache.org/maven2/org/apache/maven/plugins/maven-plugins/35/maven-plugins-35.pom (9.9 kB at 68 kB/s)
Downloading from central: https://repo.maven.apache.org/maven2/org/apache/maven/maven-parent/35/maven-parent-35.pom
Progress (1): 1.4/45 kB
Progress (1): 2.8/45 kB
Progress (1): 4.1/45 kB
Progress (1): 5.5/45 kB
Progress (1): 6.9/45 kB
Progress (1): 8.3/45 kB
Progress (1): 9.7/45 kB
Progress (1): 11/45 kB 
Progress (1): 12/45 kB
Progress (1): 14/45 kB
Progress (1): 15/45 kB
Progress (1): 17/45 kB
Progress (1): 18/45 kB
Progress (1): 19/45 kB
Progress (1): 21/45 kB
Progress (1): 22/45 kB
Progress (1): 23/45 kB
Progress (1): 25/45 kB
Progress (1): 26/45 kB
Progress (1): 28/45 kB
Progress (1): 29/45 kB
Progress (1): 30/45 kB
Progress (1): 32/45 kB
Progress (1): 33/45 kB
Progress (1): 34/45 kB
Progress (1): 36/45 kB
Progress (1): 37/45 kB
Progress (1): 39/45 kB
Progress (1): 40/45 kB
Progress (1): 41/45 kB
Progress (1): 43/45 kB
Progress (1): 44/45 kB
Progress (1): 45 kB   
                   
Downloaded from central: https://repo.maven.apache.org/maven2/org/apache/maven/maven-parent/35/maven-parent-35.pom (45 kB at 211 kB/s)
Downloading from central: https://repo.maven.apache.org/maven2/org/apache/apache/25/apache-25.pom
Progress (1): 16/21 kB
Progress (1): 21 kB   
                   
Downloaded from central: https://repo.maven.apache.org/maven2/org/apache/apache/25/apache-25.pom (21 kB at 126 kB/s)
Downloading from central: https://repo.maven.apache.org/maven2/org/apache/maven/plugins/maven-clean-plugin/3.2.0/maven-clean-plugin-3.2.0.jar
Progress (1): 16/36 kB
Progress (1): 33/36 kB
Progress (1): 36 kB   
                   
Downloaded from central: https://repo.maven.apache.org/maven2/org/apache/maven/plugins/maven-clean-plugin/3.2.0/maven-clean-plugin-3.2.0.jar (36 kB at 93 kB/s)
Downloading from central: https://repo.maven.apache.org/maven2/org/codehaus/mojo/exec-maven-plugin/3.1.0/exec-maven-plugin-3.1.0.pom
Progress (1): 14 kB
                   
Downloaded from central: https://repo.maven.apache.org/maven2/org/codehaus/mojo/exec-maven-plugin/3.1.0/exec-maven-plugin-3.1.0.pom (14 kB at 80 kB/s)
Downloading from central: https://repo.maven.apache.org/maven2/org/codehaus/mojo/mojo-parent/69/mojo-parent-69.pom
Progress (1): 16/35 kB
Progress (1): 33/35 kB
Progress (1): 35 kB   
                   
Downloaded from central: https://repo.maven.apache.org/maven2/org/codehaus/mojo/mojo-parent/69/mojo-parent-69.pom (35 kB at 177 kB/s)
Downloading from central: https://repo.maven.apache.org/maven2/org/junit/junit-bom/5.8.2/junit-bom-5.8.2.pom
Progress (1): 5.6 kB
                    
Downloaded from central: https://repo.maven.apache.org/maven2/org/junit/junit-bom/5.8.2/junit-bom-5.8.2.pom (5.6 kB at 31 kB/s)
Downloading from central: https://repo.maven.apache.org/maven2/org/codehaus/mojo/exec-maven-plugin/3.1.0/exec-maven-plugin-3.1.0.jar
Progress (1): 16/73 kB
Progress (1): 33/73 kB
Progress (1): 49/73 kB
Progress (1): 63/73 kB
Progress (1): 73 kB   
                   
Downloaded from central: https://repo.maven.apache.org/maven2/org/codehaus/mojo/exec-maven-plugin/3.1.0/exec-maven-plugin-3.1.0.jar (73 kB at 348 kB/s)
[INFO] 
[INFO] --- clean:3.2.0:clean (default-clean) @ hotel-booking-system ---
Downloading from central: https://repo.maven.apache.org/maven2/org/apache/maven/shared/maven-shared-utils/3.3.4/maven-shared-utils-3.3.4.pom
Progress (1): 5.8 kB
                    
Downloaded from central: https://repo.maven.apache.org/maven2/org/apache/maven/shared/maven-shared-utils/3.3.4/maven-shared-utils-3.3.4.pom (5.8 kB at 41 kB/s)
Downloading from central: https://repo.maven.apache.org/maven2/org/apache/maven/shared/maven-shared-components/34/maven-shared-components-34.pom
Progress (1): 5.1 kB
                    
Downloaded from central: https://repo.maven.apache.org/maven2/org/apache/maven/shared/maven-shared-components/34/maven-shared-components-34.pom (5.1 kB at 26 kB/s)
Downloading from central: https://repo.maven.apache.org/maven2/org/apache/maven/maven-parent/34/maven-parent-34.pom
Progress (1): 16/43 kB
Progress (1): 33/43 kB
Progress (1): 43 kB   
                   
Downloaded from central: https://repo.maven.apache.org/maven2/org/apache/maven/maven-parent/34/maven-parent-34.pom (43 kB at 208 kB/s)
Downloading from central: https://repo.maven.apache.org/maven2/org/apache/apache/23/apache-23.pom
Progress (1): 16/18 kB
Progress (1): 18 kB   
                   
Downloaded from central: https://repo.maven.apache.org/maven2/org/apache/apache/23/apache-23.pom (18 kB at 95 kB/s)
Downloading from central: https://repo.maven.apache.org/maven2/commons-io/commons-io/2.6/commons-io-2.6.pom
Progress (1): 14 kB
                   
Downloaded from central: https://repo.maven.apache.org/maven2/commons-io/commons-io/2.6/commons-io-2.6.pom (14 kB at 77 kB/s)
Downloading from central: https://repo.maven.apache.org/maven2/org/apache/commons/commons-parent/42/commons-parent-42.pom
Progress (1): 16/68 kB
Progress (1): 33/68 kB
Progress (1): 49/68 kB
Progress (1): 66/68 kB
Progress (1): 68 kB   
                   
Downloaded from central: https://repo.maven.apache.org/maven2/org/apache/commons/commons-parent/42/commons-parent-42.pom (68 kB at 333 kB/s)
Downloading from central: https://repo.maven.apache.org/maven2/org/apache/apache/18/apache-18.pom
Progress (1): 16 kB
                   
Downloaded from central: https://repo.maven.apache.org/maven2/org/apache/apache/18/apache-18.pom (16 kB at 84 kB/s)
Downloading from central: https://repo.maven.apache.org/maven2/org/apache/maven/shared/maven-shared-utils/3.3.4/maven-shared-utils-3.3.4.jar
Progress (1): 16/153 kB
Progress (1): 33/153 kB
Progress (1): 49/153 kB
Progress (1): 63/153 kB
Progress (1): 79/153 kB
Progress (1): 96/153 kB
Progress (1): 112/153 kB
Progress (1): 128/153 kB
Progress (1): 145/153 kB
Progress (1): 153 kB    
                    
Downloaded from central: https://repo.maven.apache.org/maven2/org/apache/maven/shared/maven-shared-utils/3.3.4/maven-shared-utils-3.3.4.jar (153 kB at 736 kB/s)
Downloading from central: https://repo.maven.apache.org/maven2/commons-io/commons-io/2.6/commons-io-2.6.jar
Progress (1): 16/215 kB
Progress (1): 33/215 kB
Progress (1): 49/215 kB
Progress (1): 64/215 kB
Progress (1): 80/215 kB
Progress (1): 97/215 kB
Progress (1): 113/215 kB
Progress (1): 130/215 kB
Progress (1): 146/215 kB
Progress (1): 162/215 kB
Progress (1): 179/215 kB
Progress (1): 195/215 kB
Progress (1): 212/215 kB
Progress (1): 215 kB    
                    
Downloaded from central: https://repo.maven.apache.org/maven2/commons-io/commons-io/2.6/commons-io-2.6.jar (215 kB at 999 kB/s)
[INFO] Deleting /var/lib/jenkins/workspace/DOT503/target
[INFO] Deleting /var/lib/jenkins/workspace/DOT503/__pycache__ (includes = [], excludes = [])
[INFO] Deleting /var/lib/jenkins/workspace/DOT503/tests/__pycache__ (includes = [], excludes = [])
[INFO] 
[INFO] --- exec:3.1.0:exec (install-dependencies) @ hotel-booking-system ---
Downloading from central: https://repo.maven.apache.org/maven2/org/codehaus/plexus/plexus-utils/3.4.2/plexus-utils-3.4.2.pom
Progress (1): 8.2 kB
                    
Downloaded from central: https://repo.maven.apache.org/maven2/org/codehaus/plexus/plexus-utils/3.4.2/plexus-utils-3.4.2.pom (8.2 kB at 74 kB/s)
Downloading from central: https://repo.maven.apache.org/maven2/org/codehaus/plexus/plexus/8/plexus-8.pom
Progress (1): 16/25 kB
Progress (1): 25 kB   
                   
Downloaded from central: https://repo.maven.apache.org/maven2/org/codehaus/plexus/plexus/8/plexus-8.pom (25 kB at 238 kB/s)
Downloading from central: https://repo.maven.apache.org/maven2/org/codehaus/plexus/plexus-component-annotations/2.1.1/plexus-component-annotations-2.1.1.pom
Progress (1): 770 B
                   
Downloaded from central: https://repo.maven.apache.org/maven2/org/codehaus/plexus/plexus-component-annotations/2.1.1/plexus-component-annotations-2.1.1.pom (770 B at 8.1 kB/s)
Downloading from central: https://repo.maven.apache.org/maven2/org/codehaus/plexus/plexus-containers/2.1.1/plexus-containers-2.1.1.pom
Progress (1): 6.0 kB
                    
Downloaded from central: https://repo.maven.apache.org/maven2/org/codehaus/plexus/plexus-containers/2.1.1/plexus-containers-2.1.1.pom (6.0 kB at 69 kB/s)
Downloading from central: https://repo.maven.apache.org/maven2/org/codehaus/plexus/plexus/6.5/plexus-6.5.pom
Progress (1): 16/26 kB
Progress (1): 26 kB   
                   
Downloaded from central: https://repo.maven.apache.org/maven2/org/codehaus/plexus/plexus/6.5/plexus-6.5.pom (26 kB at 236 kB/s)
Downloading from central: https://repo.maven.apache.org/maven2/org/apache/commons/commons-exec/1.3/commons-exec-1.3.pom
Progress (1): 11 kB
                   
Downloaded from central: https://repo.maven.apache.org/maven2/org/apache/commons/commons-exec/1.3/commons-exec-1.3.pom (11 kB at 122 kB/s)
Downloading from central: https://repo.maven.apache.org/maven2/org/apache/commons/commons-parent/35/commons-parent-35.pom
Progress (1): 16/58 kB
Progress (1): 33/58 kB
Progress (1): 49/58 kB
Progress (1): 58 kB   
                   
Downloaded from central: https://repo.maven.apache.org/maven2/org/apache/commons/commons-parent/35/commons-parent-35.pom (58 kB at 404 kB/s)
Downloading from central: https://repo.maven.apache.org/maven2/org/apache/apache/15/apache-15.pom
Progress (1): 15 kB
                   
Downloaded from central: https://repo.maven.apache.org/maven2/org/apache/apache/15/apache-15.pom (15 kB at 151 kB/s)
Downloading from central: https://repo.maven.apache.org/maven2/org/codehaus/plexus/plexus-utils/3.4.2/plexus-utils-3.4.2.jar
Progress (1): 16/267 kB
Progress (1): 33/267 kB
Progress (1): 49/267 kB
Progress (1): 64/267 kB
Progress (1): 80/267 kB
Progress (1): 97/267 kB
Progress (1): 113/267 kB
Progress (1): 130/267 kB
Progress (1): 146/267 kB
Progress (1): 162/267 kB
Progress (1): 179/267 kB
Progress (1): 195/267 kB
Progress (1): 212/267 kB
Progress (1): 228/267 kB
Progress (1): 244/267 kB
Progress (1): 261/267 kB
Progress (1): 267 kB    
                    
Downloaded from central: https://repo.maven.apache.org/maven2/org/codehaus/plexus/plexus-utils/3.4.2/plexus-utils-3.4.2.jar (267 kB at 1.2 MB/s)
Downloading from central: https://repo.maven.apache.org/maven2/org/codehaus/plexus/plexus-component-annotations/2.1.1/plexus-component-annotations-2.1.1.jar
Downloading from central: https://repo.maven.apache.org/maven2/org/apache/commons/commons-exec/1.3/commons-exec-1.3.jar
Progress (1): 4.1 kB
                    
Downloaded from central: https://repo.maven.apache.org/maven2/org/codehaus/plexus/plexus-component-annotations/2.1.1/plexus-component-annotations-2.1.1.jar (4.1 kB at 42 kB/s)
Progress (1): 1.4/54 kB
Progress (1): 2.8/54 kB
Progress (1): 4.1/54 kB
Progress (1): 5.5/54 kB
Progress (1): 6.9/54 kB
Progress (1): 8.3/54 kB
Progress (1): 9.7/54 kB
Progress (1): 11/54 kB 
Progress (1): 12/54 kB
Progress (1): 14/54 kB
Progress (1): 15/54 kB
Progress (1): 17/54 kB
Progress (1): 18/54 kB
Progress (1): 19/54 kB
Progress (1): 21/54 kB
Progress (1): 22/54 kB
Progress (1): 23/54 kB
Progress (1): 25/54 kB
Progress (1): 26/54 kB
Progress (1): 28/54 kB
Progress (1): 29/54 kB
Progress (1): 30/54 kB
Progress (1): 32/54 kB
Progress (1): 33/54 kB
Progress (1): 34/54 kB
Progress (1): 36/54 kB
Progress (1): 37/54 kB
Progress (1): 39/54 kB
Progress (1): 40/54 kB
Progress (1): 41/54 kB
Progress (1): 43/54 kB
Progress (1): 44/54 kB
Progress (1): 46/54 kB
Progress (1): 47/54 kB
Progress (1): 48/54 kB
Progress (1): 50/54 kB
Progress (1): 51/54 kB
Progress (1): 52/54 kB
Progress (1): 54/54 kB
Progress (1): 54 kB   
                   
Downloaded from central: https://repo.maven.apache.org/maven2/org/apache/commons/commons-exec/1.3/commons-exec-1.3.jar (54 kB at 185 kB/s)
Defaulting to user installation because normal site-packages is not writeable
Requirement already satisfied: pytest in /var/lib/jenkins/.local/lib/python3.13/site-packages (from -r requirements.txt (line 1)) (8.4.1)
Requirement already satisfied: pytest-html in /var/lib/jenkins/.local/lib/python3.13/site-packages (from -r requirements.txt (line 2)) (4.1.1)
Requirement already satisfied: pytest-cov in /var/lib/jenkins/.local/lib/python3.13/site-packages (from -r requirements.txt (line 3)) (6.2.1)
Requirement already satisfied: pytest-xdist in /var/lib/jenkins/.local/lib/python3.13/site-packages (from -r requirements.txt (line 4)) (3.8.0)
Requirement already satisfied: setuptools in /usr/lib/python3.13/site-packages (from -r requirements.txt (line 5)) (74.1.3)
Requirement already satisfied: wheel in /var/lib/jenkins/.local/lib/python3.13/site-packages (from -r requirements.txt (line 6)) (0.45.1)
Requirement already satisfied: pyinstaller in /var/lib/jenkins/.local/lib/python3.13/site-packages (from -r requirements.txt (line 7)) (6.15.0)
Requirement already satisfied: black in /var/lib/jenkins/.local/lib/python3.13/site-packages (from -r requirements.txt (line 8)) (25.1.0)
Requirement already satisfied: flake8 in /var/lib/jenkins/.local/lib/python3.13/site-packages (from -r requirements.txt (line 9)) (7.3.0)
Requirement already satisfied: mypy in /var/lib/jenkins/.local/lib/python3.13/site-packages (from -r requirements.txt (line 10)) (1.17.1)
Requirement already satisfied: iniconfig>=1 in /var/lib/jenkins/.local/lib/python3.13/site-packages (from pytest->-r requirements.txt (line 1)) (2.1.0)
Requirement already satisfied: packaging>=20 in /usr/lib/python3.13/site-packages (from pytest->-r requirements.txt (line 1)) (24.2)
Requirement already satisfied: pluggy<2,>=1.5 in /var/lib/jenkins/.local/lib/python3.13/site-packages (from pytest->-r requirements.txt (line 1)) (1.6.0)
Requirement already satisfied: pygments>=2.7.2 in /var/lib/jenkins/.local/lib/python3.13/site-packages (from pytest->-r requirements.txt (line 1)) (2.19.2)
Requirement already satisfied: jinja2>=3.0.0 in /var/lib/jenkins/.local/lib/python3.13/site-packages (from pytest-html->-r requirements.txt (line 2)) (3.1.6)
Requirement already satisfied: pytest-metadata>=2.0.0 in /var/lib/jenkins/.local/lib/python3.13/site-packages (from pytest-html->-r requirements.txt (line 2)) (3.1.1)
Requirement already satisfied: coverage>=7.5 in /var/lib/jenkins/.local/lib/python3.13/site-packages (from coverage[toml]>=7.5->pytest-cov->-r requirements.txt (line 3)) (7.10.3)
Requirement already satisfied: execnet>=2.1 in /var/lib/jenkins/.local/lib/python3.13/site-packages (from pytest-xdist->-r requirements.txt (line 4)) (2.1.1)
Requirement already satisfied: altgraph in /var/lib/jenkins/.local/lib/python3.13/site-packages (from pyinstaller->-r requirements.txt (line 7)) (0.17.4)
Requirement already satisfied: pyinstaller-hooks-contrib>=2025.8 in /var/lib/jenkins/.local/lib/python3.13/site-packages (from pyinstaller->-r requirements.txt (line 7)) (2025.8)
Requirement already satisfied: click>=8.0.0 in /usr/lib/python3.13/site-packages (from black->-r requirements.txt (line 8)) (8.1.7)
Requirement already satisfied: mypy-extensions>=0.4.3 in /var/lib/jenkins/.local/lib/python3.13/site-packages (from black->-r requirements.txt (line 8)) (1.1.0)
Requirement already satisfied: pathspec>=0.9.0 in /var/lib/jenkins/.local/lib/python3.13/site-packages (from black->-r requirements.txt (line 8)) (0.12.1)
Requirement already satisfied: platformdirs>=2 in /var/lib/jenkins/.local/lib/python3.13/site-packages (from black->-r requirements.txt (line 8)) (4.3.8)
Requirement already satisfied: mccabe<0.8.0,>=0.7.0 in /var/lib/jenkins/.local/lib/python3.13/site-packages (from flake8->-r requirements.txt (line 9)) (0.7.0)
Requirement already satisfied: pycodestyle<2.15.0,>=2.14.0 in /var/lib/jenkins/.local/lib/python3.13/site-packages (from flake8->-r requirements.txt (line 9)) (2.14.0)
Requirement already satisfied: pyflakes<3.5.0,>=3.4.0 in /var/lib/jenkins/.local/lib/python3.13/site-packages (from flake8->-r requirements.txt (line 9)) (3.4.0)
Requirement already satisfied: typing_extensions>=4.6.0 in /usr/lib/python3.13/site-packages (from mypy->-r requirements.txt (line 10)) (4.12.2)
Requirement already satisfied: MarkupSafe>=2.0 in /usr/lib64/python3.13/site-packages (from jinja2>=3.0.0->pytest-html->-r requirements.txt (line 2)) (3.0.2)
[INFO] 
[INFO] --- exec:3.1.0:exec (compile-python) @ hotel-booking-system ---
[INFO] ------------------------------------------------------------------------
[INFO] BUILD SUCCESS
[INFO] ------------------------------------------------------------------------
[INFO] Total time:  8.282 s
[INFO] Finished at: 2025-08-12T17:45:44+03:00
[INFO] ------------------------------------------------------------------------
[8mha:////4HTtn9oHcjB2eVQ9ETSlaWSvBECnjrEcH3/wGriyxcARAAAApR+LCAAAAAAAAP9tjTEOwjAQBC9BFLSUPOJSICQkRJXWcsMLTGyME+vO2A5JxYv4Gn8gEImKLVY728zzBcsU4cjRYmuoc5Qah8H3dlo4cOwungds+YwNU2JvUJpBsjb1jJKzgTlFCQsBK0ON5+TIZliLVt1V5RXZ6pTj9B0ElE7f4AGFmMxZxfyFMcLm2uvE9PP8FcAYQoZyu//U7g3wonovvgAAAA==[0m[Pipeline] }
[8mha:////4MV2vSgn90d1gCNRaxn3BscBEdKWKjopNbZhtnzWSVSrAAAApB+LCAAAAAAAAP9tjTEOwjAQBC9BFLSUPOJSQIMQVVrLDS8wsTFOrDtjOyQVL+Jr/IFAJCq2WO1sM88XLFOEI0eLraHOUWocBt/baeHAsbt4HrDlMzZMib1BaQbJ2tQzSs4G5hQlLASsDDWekyObYS1adVeVV2SrU47TdxBQOn2DBxRiMmcV8xfGCJtrrxPTz/NXAGMIGcrt/lO7N8NBIZO+AAAA[0m[Pipeline] // script
[8mha:////4Nownu1yyvZ/SNIOJjasp7MnYPgVAermWYQxRfNlbAELAAAApB+LCAAAAAAAAP9tjTEOwjAQBC9BFLSUPOKCgA6lorXc8AKTGOPEugu2g1PxIr7GH7CIRMUWq51t5vWGZfBQszfYaeothcbi4EaTFyb2/dVxwo4v2DAFdhqlTpJbfZpRctQwpyhhIWClqXEcLJkIa9Gph6qcIlOdo8/fUUBp2zs8oRDZHJWPX5g8bG5jG5h+nr8CmIYhQnnY5trvPrCL6pi+AAAA[0m[Pipeline] }
[8mha:////4LvxIFkxc1dd1u3idFr8hf2ExJoo/JNljIn0suypUFJZAAAApB+LCAAAAAAAAP9tjTEOwjAQBC9BFLSUPOKiCDpEldZKwwtMbIwT687YDknFi/gaf8AiEhVbrHa2mdcb1jHAiYPBXtNgKXYWvRtNXjhxGK6OJ+z5gh1TZKex1VPLSjcLtpw0LClKWAnYaOocR0smwVb08iErJ8lU5xTydxRQWnWHJxQim5MM6QtzgN1tVJHp5/krgNn7BOWhzrWvP68Jv8q+AAAA[0m[Pipeline] // stage
[8mha:////4IEcyjb80S3TErxyHJ0CGEbQKvDIpjIeC/W490UBLsMEAAAAqB+LCAAAAAAAAP9tjT0OwjAUg1+LOrAycohU/GyoE2vUhROEJoSk0XslSUknTsTVuAOBSkx4sGxL1vd8QRU8NOQ1swp7g6EzbHCjzokl8v3FUWKWzqwjDOQUa1VqSarjXFuKCmYVJSw4LBV2joJBHWHFrbiL2gnU9Sn6vB04lEbe4AEFz+QofPyWycP6OspA+OP8BcA0RCg3u2z77edZvQEJmv6RwgAAAA==[0m[Pipeline] stage
[8mha:////4MlGzOhb/p4dvmWZbd8zj6LJd7NsN01VREp/Ev+AgOErAAAApx+LCAAAAAAAAP9tjTEOwjAUQ3+LOrAycohUAjbE1DXKwglCE0La6P/yk9JOnIircQdaKjHhwbItWe/1hiIynIidaCy2HmPtRRd6NyUxELfXQINo6CJqwkjBCmUHRcZWS1WULCzKclhJWFusA0WPLsFGNvqhy6DRlefE03aUkHtzhydkciInzelbRobtrTeR8Mf5C4CxS5AfdrPt52fxAXzhjwPCAAAA[0m[Pipeline] { (Test)
[8mha:////4Ch84oaSJC7wbEvw3x30KUDbmVYiAkzs/mLDv1Yk7jSHAAAAox+LCAAAAAAAAP9tjTEOwjAQBC9BFLSUPOJSkA5R0VppeIFJjLFj3Tm2g1PxIr7GHwhEomKL1c4283zBOgY4ctBoFfWGYmvQu1HPCzOH/uo4o+ULtkyRncJG5YY7dVqw4aRgSVHCSsBGUes4GtIJtsLKu6ycJF2dU5i/g4DSdAM8oBCzOcmQvjAF2N3GLjL9PH8FMPkEZb3/VO3fhXiFur4AAAA=[0m[Pipeline] echo
Running unit tests...
[8mha:////4G4kXCX7vEdMRe6lMNdj9lGH+IdsBDgsuyhiRdAutulxAAAApx+LCAAAAAAAAP9tjTEOwjAUQ3+LOrAycoh0ACbE1DXKwglCE0La6P/yk9JOnIircQdaKjHhwbItWe/1hiIynIidaCy2HmPtRRd6NyUxELfXQINo6CJqwkjBCmUHRcZWS1WULCzKclhJWFusA0WPLsFGNvqhy6DRlefE03aUkHtzhydkciInzelbRobtrTeR8Mf5C4CxS5Dvd7Md5mfxAaHdWBTCAAAA[0m[Pipeline] script
[8mha:////4Ao96RF2tz3RKL6BVQF4QQmhVF4QsLfrCqpgh/EtvMrLAAAApx+LCAAAAAAAAP9tjTEOwjAUQ3+LOrAycoh0ARbE1DXKwglCE0La6P/yk9JOnIircQdaKjHhwbItWe/1hiIynIidaCy2HmPtRRd6NyUxELfXQINo6CJqwkjBCmUHRcZWS1WULCzKclhJWFusA0WPLsFGNvqhy6DRlefE03aUkHtzhydkciInzelbRobtrTeR8Mf5C4CxS5Dv9rMd5mfxAUxleXrCAAAA[0m[Pipeline] {
[8mha:////4DfwfwZJnh5vra6Tg/HfKSNKMLPj63J3kMdFkFL+ZzM2AAAApB+LCAAAAAAAAP9tjTEOwjAQBC9BFLSUPOLSICgQVVrLDS8wsTFOrDtjOyQVL+Jr/IFAJCq2WO1sM88XLFOEI0eLraHOUWocBt/baeHAsbt4HrDlMzZMib1BaQbJ2tQzSs4G5hQlLASsDDWekyObYS1adVeVV2SrU47TdxBQOn2DBxRiMmcV8xfGCJtrrxPTz/NXAGPIUG53n9qHN+EEkMO+AAAA[0m[Pipeline] isUnix
[8mha:////4PG81omeWT5+GZTp+Xbg/qvwoZO6vehMJXIWSs9L5gzFAAAApR+LCAAAAAAAAP9tjTEOwjAQBC9BFLSUPOLSIISEqNJabniBiY1xYt0Z2yGpeBFf4w8EIlGxxWpnm3m+YJkiHDlabA11jlLjMPjeTgsHjt3F84Atn7FhSuwNSjNI1qaeUXI2MKcoYSFgZajxnBzZDGvRqruqvCJbnXKcvoOA0ukbPKAQkzmrmL8wRthce52Yfp6/AhhDhnK7+9Q+vAEuGAhEvgAAAA==[0m[Pipeline] sh
+ command -v mvn
+ echo 'Using Maven for testing...'
Using Maven for testing...
+ mvn test
[INFO] Scanning for projects...
[INFO] 
[INFO] -------------------< com.hotel:hotel-booking-system >-------------------
[INFO] Building Hotel Booking System 1.0.0
[INFO]   from pom.xml
[INFO] --------------------------------[ pom ]---------------------------------
[INFO] 
[INFO] --- exec:3.1.0:exec (install-dependencies) @ hotel-booking-system ---
Defaulting to user installation because normal site-packages is not writeable
Requirement already satisfied: pytest in /var/lib/jenkins/.local/lib/python3.13/site-packages (from -r requirements.txt (line 1)) (8.4.1)
Requirement already satisfied: pytest-html in /var/lib/jenkins/.local/lib/python3.13/site-packages (from -r requirements.txt (line 2)) (4.1.1)
Requirement already satisfied: pytest-cov in /var/lib/jenkins/.local/lib/python3.13/site-packages (from -r requirements.txt (line 3)) (6.2.1)
Requirement already satisfied: pytest-xdist in /var/lib/jenkins/.local/lib/python3.13/site-packages (from -r requirements.txt (line 4)) (3.8.0)
Requirement already satisfied: setuptools in /usr/lib/python3.13/site-packages (from -r requirements.txt (line 5)) (74.1.3)
Requirement already satisfied: wheel in /var/lib/jenkins/.local/lib/python3.13/site-packages (from -r requirements.txt (line 6)) (0.45.1)
Requirement already satisfied: pyinstaller in /var/lib/jenkins/.local/lib/python3.13/site-packages (from -r requirements.txt (line 7)) (6.15.0)
Requirement already satisfied: black in /var/lib/jenkins/.local/lib/python3.13/site-packages (from -r requirements.txt (line 8)) (25.1.0)
Requirement already satisfied: flake8 in /var/lib/jenkins/.local/lib/python3.13/site-packages (from -r requirements.txt (line 9)) (7.3.0)
Requirement already satisfied: mypy in /var/lib/jenkins/.local/lib/python3.13/site-packages (from -r requirements.txt (line 10)) (1.17.1)
Requirement already satisfied: iniconfig>=1 in /var/lib/jenkins/.local/lib/python3.13/site-packages (from pytest->-r requirements.txt (line 1)) (2.1.0)
Requirement already satisfied: packaging>=20 in /usr/lib/python3.13/site-packages (from pytest->-r requirements.txt (line 1)) (24.2)
Requirement already satisfied: pluggy<2,>=1.5 in /var/lib/jenkins/.local/lib/python3.13/site-packages (from pytest->-r requirements.txt (line 1)) (1.6.0)
Requirement already satisfied: pygments>=2.7.2 in /var/lib/jenkins/.local/lib/python3.13/site-packages (from pytest->-r requirements.txt (line 1)) (2.19.2)
Requirement already satisfied: jinja2>=3.0.0 in /var/lib/jenkins/.local/lib/python3.13/site-packages (from pytest-html->-r requirements.txt (line 2)) (3.1.6)
Requirement already satisfied: pytest-metadata>=2.0.0 in /var/lib/jenkins/.local/lib/python3.13/site-packages (from pytest-html->-r requirements.txt (line 2)) (3.1.1)
Requirement already satisfied: coverage>=7.5 in /var/lib/jenkins/.local/lib/python3.13/site-packages (from coverage[toml]>=7.5->pytest-cov->-r requirements.txt (line 3)) (7.10.3)
Requirement already satisfied: execnet>=2.1 in /var/lib/jenkins/.local/lib/python3.13/site-packages (from pytest-xdist->-r requirements.txt (line 4)) (2.1.1)
Requirement already satisfied: altgraph in /var/lib/jenkins/.local/lib/python3.13/site-packages (from pyinstaller->-r requirements.txt (line 7)) (0.17.4)
Requirement already satisfied: pyinstaller-hooks-contrib>=2025.8 in /var/lib/jenkins/.local/lib/python3.13/site-packages (from pyinstaller->-r requirements.txt (line 7)) (2025.8)
Requirement already satisfied: click>=8.0.0 in /usr/lib/python3.13/site-packages (from black->-r requirements.txt (line 8)) (8.1.7)
Requirement already satisfied: mypy-extensions>=0.4.3 in /var/lib/jenkins/.local/lib/python3.13/site-packages (from black->-r requirements.txt (line 8)) (1.1.0)
Requirement already satisfied: pathspec>=0.9.0 in /var/lib/jenkins/.local/lib/python3.13/site-packages (from black->-r requirements.txt (line 8)) (0.12.1)
Requirement already satisfied: platformdirs>=2 in /var/lib/jenkins/.local/lib/python3.13/site-packages (from black->-r requirements.txt (line 8)) (4.3.8)
Requirement already satisfied: mccabe<0.8.0,>=0.7.0 in /var/lib/jenkins/.local/lib/python3.13/site-packages (from flake8->-r requirements.txt (line 9)) (0.7.0)
Requirement already satisfied: pycodestyle<2.15.0,>=2.14.0 in /var/lib/jenkins/.local/lib/python3.13/site-packages (from flake8->-r requirements.txt (line 9)) (2.14.0)
Requirement already satisfied: pyflakes<3.5.0,>=3.4.0 in /var/lib/jenkins/.local/lib/python3.13/site-packages (from flake8->-r requirements.txt (line 9)) (3.4.0)
Requirement already satisfied: typing_extensions>=4.6.0 in /usr/lib/python3.13/site-packages (from mypy->-r requirements.txt (line 10)) (4.12.2)
Requirement already satisfied: MarkupSafe>=2.0 in /usr/lib64/python3.13/site-packages (from jinja2>=3.0.0->pytest-html->-r requirements.txt (line 2)) (3.0.2)
[INFO] 
[INFO] --- exec:3.1.0:exec (compile-python) @ hotel-booking-system ---
[INFO] 
[INFO] --- exec:3.1.0:exec (test-python) @ hotel-booking-system ---
============================= test session starts ==============================
platform linux -- Python 3.13.5, pytest-8.4.1, pluggy-1.6.0 -- /usr/bin/python3
cachedir: .pytest_cache
metadata: {'Python': '3.13.5', 'Platform': 'Linux-6.15.8-200.fc42.x86_64-x86_64-with-glibc2.41', 'Packages': {'pytest': '8.4.1', 'pluggy': '1.6.0'}, 'Plugins': {'xdist': '3.8.0', 'metadata': '3.1.1', 'cov': '6.2.1', 'html': '4.1.1'}, 'CI': 'true', 'BUILD_NUMBER': '2', 'BUILD_ID': '2', 'BUILD_URL': 'http://localhost:8080/job/DOT503/2/', 'NODE_NAME': 'built-in', 'JOB_NAME': 'DOT503', 'BUILD_TAG': 'jenkins-DOT503-2', 'EXECUTOR_NUMBER': '0', 'JENKINS_URL': 'http://localhost:8080/', 'JAVA_HOME': '/usr/lib/jvm/jre-21-openjdk', 'WORKSPACE': '/var/lib/jenkins/workspace/DOT503', 'GIT_COMMIT': 'ffed72f364bc20450e8302da0f97b339bab10ea0', 'GIT_URL': 'https://github.com/kevgum/assignment.git', 'GIT_BRANCH': 'origin/main'}
rootdir: /var/lib/jenkins/workspace/DOT503
configfile: pytest.ini
plugins: xdist-3.8.0, metadata-3.1.1, cov-6.2.1, html-4.1.1
collecting ... collected 5 items

tests/test_hotel.py::TestHotelBooking::test_single_room PASSED           [ 20%]
tests/test_hotel.py::TestHotelBooking::test_double_room PASSED           [ 40%]
tests/test_hotel.py::TestHotelBooking::test_luxury_room PASSED           [ 60%]
tests/test_hotel.py::TestHotelBooking::test_economy_room PASSED          [ 80%]
tests/test_hotel.py::TestHotelBooking::test_premium_suite PASSED         [100%]

=============================== warnings summary ===============================
tests/test_hotel.py:16
  /var/lib/jenkins/workspace/DOT503/tests/test_hotel.py:16: PytestUnknownMarkWarning: Unknown pytest.mark.unit - is this a typo?  You can register custom marks to avoid this warning - for details, see https://docs.pytest.org/en/stable/how-to/mark.html
    @pytest.mark.unit

tests/test_hotel.py:21
  /var/lib/jenkins/workspace/DOT503/tests/test_hotel.py:21: PytestUnknownMarkWarning: Unknown pytest.mark.unit - is this a typo?  You can register custom marks to avoid this warning - for details, see https://docs.pytest.org/en/stable/how-to/mark.html
    @pytest.mark.unit

tests/test_hotel.py:26
  /var/lib/jenkins/workspace/DOT503/tests/test_hotel.py:26: PytestUnknownMarkWarning: Unknown pytest.mark.unit - is this a typo?  You can register custom marks to avoid this warning - for details, see https://docs.pytest.org/en/stable/how-to/mark.html
    @pytest.mark.unit

tests/test_hotel.py:31
  /var/lib/jenkins/workspace/DOT503/tests/test_hotel.py:31: PytestUnknownMarkWarning: Unknown pytest.mark.unit - is this a typo?  You can register custom marks to avoid this warning - for details, see https://docs.pytest.org/en/stable/how-to/mark.html
    @pytest.mark.unit

tests/test_hotel.py:36
  /var/lib/jenkins/workspace/DOT503/tests/test_hotel.py:36: PytestUnknownMarkWarning: Unknown pytest.mark.unit - is this a typo?  You can register custom marks to avoid this warning - for details, see https://docs.pytest.org/en/stable/how-to/mark.html
    @pytest.mark.unit

-- Docs: https://docs.pytest.org/en/stable/how-to/capture-warnings.html
- generated xml file: /var/lib/jenkins/workspace/DOT503/target/surefire-reports/pytest-results.xml -
======================== 5 passed, 5 warnings in 0.05s =========================
[INFO] ------------------------------------------------------------------------
[INFO] BUILD SUCCESS
[INFO] ------------------------------------------------------------------------
[INFO] Total time:  2.470 s
[INFO] Finished at: 2025-08-12T17:45:49+03:00
[INFO] ------------------------------------------------------------------------
[8mha:////4DHtjaP6pzn6r0nY2ZawQL5xRB5lCADIw6dzUXXwHBvtAAAApR+LCAAAAAAAAP9tjTEOwjAQBC9BFLSUPOLSICSEqNJabniBiY1xYt0Z2yGpeBFf4w8EIlGxxWpnm3m+YJkiHDlabA11jlLjMPjeTgsHjt3F84Atn7FhSuwNSjNI1qaeUXI2MKcoYSFgZajxnBzZDGvRqruqvCJbnXKcvoOA0ukbPKAQkzmrmL8wRthce52Yfp6/AhhDyFBu95/avQGmiMn3vgAAAA==[0m[Pipeline] }
[8mha:////4F2b/gLSNz/7lm2nkcZ4wnUBZxA9lU18d6Vhglm8qghNAAAApB+LCAAAAAAAAP9tjTEOwjAQBC9BFLSUPOJCQSpEldZKwwtMbIwT687YDknFi/gaf8AiEhVbrHa2mdcb1jHAiYPBXtNgKXYWvRtNXjhxGK6OJ+z5gh1TZKex1VPLSjcLtpw0LClKWAnYaOocR0smwVb08iErJ8lU5xTydxRQWnWHJxQim5MM6QtzgN1tVJHp5/krgNn7BGW9z3WoP2CDuO++AAAA[0m[Pipeline] // script
Post stage
Error when executing always post condition:
java.lang.NoSuchMethodError: No such DSL method 'publishTestResults' found among steps [archive, bat, build, catchError, checkout, deleteDir, dir, echo, emailext, emailextrecipients, envVarsForTool, error, fileExists, findBuildScans, getContext, git, input, isUnix, junit, library, libraryResource, load, mail, milestone, node, parallel, powershell, properties, publishChecks, pwd, pwsh, readFile, readTrusted, resolveScm, retry, script, sh, sleep, stage, stash, step, timeout, timestamps, tm, tool, unarchive, unstable, unstash, validateDeclarativePipeline, waitForBuild, waitUntil, warnError, withChecks, withContext, withCredentials, withEnv, withGradle, wrap, writeFile, ws] or symbols [GitUsernamePassword, agent, all, allBranchesSame, allOf, always, ant, antFromApache, antOutcome, antTarget, any, anyOf, apiToken, apiTokenProperty, architecture, archiveArtifacts, artifactManager, assembla, authorInChangelog, authorizationMatrix, batchFile, bitbucket, bitbucketServer, booleanParam, branch, brokenBuildSuspects, brokenTestsSuspects, browser, buildButton, buildDiscarder, buildDiscarders, buildRetention, buildSingleRevisionOnly, buildUser, buildingTag, builtInNode, caseInsensitive, caseSensitive, certificate, cgit, changeRequest, changelog, changelogBase, changelogToBranch, changeset, checkoutOption, checkoutToSubdirectory, choice, choiceParam, cleanAfterCheckout, cleanBeforeCheckout, cleanWs, clock, cloneOption, command, computerRetentionCheckInterval, consoleUrlProvider, contributor, cps, credentials, cron, crumb, culprits, dark, darkSystem, default, defaultDisplayUrlProvider, defaultFolderConfiguration, defaultView, demand, developers, disableConcurrentBuilds, disableRestartFromStage, disableResume, discoverOtherRefs, discoverOtherRefsTrait, diskSpace, diskSpaceMonitor, downstream, dumb, durabilityHint, email-ext, envVars, envVarsFilter, environment, equals, experimentalFlags, expression, extendedEmailPublisher, file, fileParam, filePath, fingerprint, fingerprints, firstBuildChangelog, fisheye, frameOptions, freeStyle, freeStyleJob, fromScm, fromSource, git, gitBranchDiscovery, gitHooks, gitHubBranchDiscovery, gitHubBranchHeadAuthority, gitHubExcludeArchivedRepositories, gitHubExcludeForkedRepositories, gitHubExcludePrivateRepositories, gitHubExcludePublicRepositories, gitHubForkDiscovery, gitHubIgnoreDraftPullRequestFilter, gitHubPullRequestDiscovery, gitHubSshCheckout, gitHubTagDiscovery, gitHubTopicsFilter, gitHubTrustContributors, gitHubTrustEveryone, gitHubTrustNobody, gitHubTrustPermissions, gitLab, gitList, gitSCM, gitTagDiscovery, gitTool, gitUsernamePassword, gitWeb, gitblit, github, githubProjectProperty, githubPush, gitiles, gogs, gradle, group, headRegexFilter, headWildcardFilter, hyperlink, hyperlinkToModels, ignoreOnPush, inbound, inheriting, inheritingGlobal, installSource, isRestartedRun, jdk, jgit, jgitapache, jnlp, jobBuildDiscarder, jobName, junitTestResultStorage, kiln, label, lastDuration, lastFailure, lastGrantedAuthorities, lastStable, lastSuccess, legacy, legacySCM, lfs, list, local, localBranch, localBranchTrait, location, logRotator, loggedInUsersCanDoAnything, mailer, masterBuild, maven, maven3Mojos, mavenErrors, mavenGlobalConfig, mavenMojos, mavenWarnings, modernSCM, multiBranchProjectDisplayNaming, multibranch, myView, namedBranchesDifferent, node, nodeProperties, nonInheriting, none, nonresumable, not, organizationFolder, overrideIndexTriggers, paneStatus, parallelsAlwaysFailFast, parameters, password, pattern, perBuildTag, permanent, phabricator, pipeline, pipelineGraphView, pipelineTriggers, plainText, plugin, pollSCM, preserveStashes, previous, projectNamingStrategy, proxy, pruneStaleBranch, pruneStaleTag, pruneTags, queueItemAuthenticator, quietPeriod, rateLimit, rateLimitBuilds, recipients, redmine, refSpecs, remoteName, requestor, resourceRoot, responseTime, retainOnlyVariables, rhodeCode, run, runParam, sSHLauncher, schedule, scmGit, scmRetryCount, scriptApproval, scriptApprovalLink, search, security, shell, simpleBuildDiscarder, skipDefaultCheckout, skipStagesAfterUnstable, slave, sourceRegexFilter, sourceWildcardFilter, sparseCheckout, sparseCheckoutPaths, ssh, sshUserPrivateKey, standard, status, string, stringParam, submodule, submoduleOption, suppressAutomaticTriggering, suppressFolderAutomaticTriggering, swapSpace, tag, teamFoundation, teamSlugFilter, text, textParam, themeManager, timestamper, timestamperConfig, timezone, tmpSpace, toolLocation, triggeredBy, unsecured, untrusted, upstream, upstreamDevelopers, user, userIdentity, userOrGroup, userSeed, usernameColonPassword, usernamePassword, viewgit, viewsTabBar, weather, withAnt, zip] or globals [currentBuild, env, params, pipeline, scm]
	at PluginClassLoader for workflow-cps//org.jenkinsci.plugins.workflow.cps.DSL.invokeMethod(DSL.java:218)
	at PluginClassLoader for workflow-cps//org.jenkinsci.plugins.workflow.cps.CpsScript.invokeMethod(CpsScript.java:124)
	at java.base/jdk.internal.reflect.DirectMethodHandleAccessor.invoke(DirectMethodHandleAccessor.java:103)
	at java.base/java.lang.reflect.Method.invoke(Method.java:580)
	at org.codehaus.groovy.reflection.CachedMethod.invoke(CachedMethod.java:98)
	at groovy.lang.MetaMethod.doMethodInvoke(MetaMethod.java:325)
	at groovy.lang.MetaClassImpl.invokeMethod(MetaClassImpl.java:1225)
	at groovy.lang.MetaClassImpl.invokeMethod(MetaClassImpl.java:1034)
	at org.codehaus.groovy.runtime.callsite.PogoMetaClassSite.call(PogoMetaClassSite.java:41)
	at org.codehaus.groovy.runtime.callsite.CallSiteArray.defaultCall(CallSiteArray.java:47)
	at org.codehaus.groovy.runtime.callsite.AbstractCallSite.call(AbstractCallSite.java:116)
	at PluginClassLoader for script-security//org.kohsuke.groovy.sandbox.impl.Checker$1.call(Checker.java:180)
	at PluginClassLoader for script-security//org.kohsuke.groovy.sandbox.GroovyInterceptor.onMethodCall(GroovyInterceptor.java:23)
	at PluginClassLoader for script-security//org.jenkinsci.plugins.scriptsecurity.sandbox.groovy.SandboxInterceptor.onMethodCall(SandboxInterceptor.java:163)
	at PluginClassLoader for script-security//org.kohsuke.groovy.sandbox.impl.Checker$1.call(Checker.java:178)
	at PluginClassLoader for script-security//org.kohsuke.groovy.sandbox.impl.Checker.checkedCall(Checker.java:182)
	at PluginClassLoader for script-security//org.kohsuke.groovy.sandbox.impl.Checker.checkedCall(Checker.java:152)
	at PluginClassLoader for workflow-cps//com.cloudbees.groovy.cps.sandbox.SandboxInvoker.methodCall(SandboxInvoker.java:17)
	at PluginClassLoader for workflow-cps//org.jenkinsci.plugins.workflow.cps.LoggingInvoker.methodCall(LoggingInvoker.java:118)
	at WorkflowScript.run(WorkflowScript:133)
	at org.jenkinsci.plugins.pipeline.modeldefinition.ModelInterpreter.delegateAndExecute(ModelInterpreter.groovy:139)
	at org.jenkinsci.plugins.pipeline.modeldefinition.ModelInterpreter.runPostConditions(ModelInterpreter.groovy:728)
	at org.jenkinsci.plugins.pipeline.modeldefinition.ModelInterpreter.catchRequiredContextForNode(ModelInterpreter.groovy:390)
	at org.jenkinsci.plugins.pipeline.modeldefinition.ModelInterpreter.runPostConditions(ModelInterpreter.groovy:727)
	at com.cloudbees.groovy.cps.CpsDefaultGroovyMethods.each(CpsDefaultGroovyMethods:2125)
	at com.cloudbees.groovy.cps.CpsDefaultGroovyMethods.each(CpsDefaultGroovyMethods:2110)
	at com.cloudbees.groovy.cps.CpsDefaultGroovyMethods.each(CpsDefaultGroovyMethods:2151)
	at org.jenkinsci.plugins.pipeline.modeldefinition.ModelInterpreter.runPostConditions(ModelInterpreter.groovy:717)
	at org.jenkinsci.plugins.pipeline.modeldefinition.ModelInterpreter.executeSingleStage(ModelInterpreter.groovy:644)
	at org.jenkinsci.plugins.pipeline.modeldefinition.ModelInterpreter.evaluateStage(ModelInterpreter.groovy:292)
	at org.jenkinsci.plugins.pipeline.modeldefinition.ModelInterpreter.toolsBlock(ModelInterpreter.groovy:521)
	at org.jenkinsci.plugins.pipeline.modeldefinition.ModelInterpreter.evaluateStage(ModelInterpreter.groovy:280)
	at org.jenkinsci.plugins.pipeline.modeldefinition.ModelInterpreter.withEnvBlock(ModelInterpreter.groovy:432)
	at org.jenkinsci.plugins.pipeline.modeldefinition.ModelInterpreter.evaluateStage(ModelInterpreter.groovy:279)
	at org.jenkinsci.plugins.pipeline.modeldefinition.ModelInterpreter.withCredentialsBlock(ModelInterpreter.groovy:464)
	at org.jenkinsci.plugins.pipeline.modeldefinition.ModelInterpreter.evaluateStage(ModelInterpreter.groovy:278)
	at org.jenkinsci.plugins.pipeline.modeldefinition.ModelInterpreter.inDeclarativeAgent(ModelInterpreter.groovy:561)
	at org.jenkinsci.plugins.pipeline.modeldefinition.ModelInterpreter.evaluateStage(ModelInterpreter.groovy:276)
	at org.jenkinsci.plugins.pipeline.modeldefinition.ModelInterpreter.stageInput(ModelInterpreter.groovy:354)
	at org.jenkinsci.plugins.pipeline.modeldefinition.ModelInterpreter.evaluateStage(ModelInterpreter.groovy:265)
	at org.jenkinsci.plugins.pipeline.modeldefinition.ModelInterpreter.inWrappers(ModelInterpreter.groovy:592)
	at org.jenkinsci.plugins.pipeline.modeldefinition.ModelInterpreter.evaluateStage(ModelInterpreter.groovy:263)
	at org.jenkinsci.plugins.pipeline.modeldefinition.ModelInterpreter.withEnvBlock(ModelInterpreter.groovy:432)
	at org.jenkinsci.plugins.pipeline.modeldefinition.ModelInterpreter.evaluateStage(ModelInterpreter.groovy:258)
	at ___cps.transform___(Native Method)
	at PluginClassLoader for workflow-cps//com.cloudbees.groovy.cps.impl.ContinuationGroup.methodCall(ContinuationGroup.java:90)
	at PluginClassLoader for workflow-cps//com.cloudbees.groovy.cps.impl.FunctionCallBlock$ContinuationImpl.dispatchOrArg(FunctionCallBlock.java:114)
	at PluginClassLoader for workflow-cps//com.cloudbees.groovy.cps.impl.FunctionCallBlock$ContinuationImpl.fixArg(FunctionCallBlock.java:83)
	at java.base/jdk.internal.reflect.DirectMethodHandleAccessor.invoke(DirectMethodHandleAccessor.java:103)
	at java.base/java.lang.reflect.Method.invoke(Method.java:580)
	at PluginClassLoader for workflow-cps//com.cloudbees.groovy.cps.impl.ContinuationPtr$ContinuationImpl.receive(ContinuationPtr.java:72)
	at PluginClassLoader for workflow-cps//com.cloudbees.groovy.cps.impl.CollectionLiteralBlock$ContinuationImpl.dispatch(CollectionLiteralBlock.java:55)
	at PluginClassLoader for workflow-cps//com.cloudbees.groovy.cps.impl.CollectionLiteralBlock$ContinuationImpl.item(CollectionLiteralBlock.java:45)
	at java.base/jdk.internal.reflect.DirectMethodHandleAccessor.invoke(DirectMethodHandleAccessor.java:103)
	at java.base/java.lang.reflect.Method.invoke(Method.java:580)
	at PluginClassLoader for workflow-cps//com.cloudbees.groovy.cps.impl.ContinuationPtr$ContinuationImpl.receive(ContinuationPtr.java:72)
	at PluginClassLoader for workflow-cps//com.cloudbees.groovy.cps.impl.ConstantBlock.eval(ConstantBlock.java:21)
	at PluginClassLoader for workflow-cps//com.cloudbees.groovy.cps.Next.step(Next.java:83)
	at PluginClassLoader for workflow-cps//com.cloudbees.groovy.cps.Continuable.run0(Continuable.java:147)
	at PluginClassLoader for workflow-cps//org.jenkinsci.plugins.workflow.cps.SandboxContinuable.access$001(SandboxContinuable.java:17)
	at PluginClassLoader for workflow-cps//org.jenkinsci.plugins.workflow.cps.SandboxContinuable.run0(SandboxContinuable.java:49)
	at PluginClassLoader for workflow-cps//org.jenkinsci.plugins.workflow.cps.CpsThread.runNextChunk(CpsThread.java:181)
	at PluginClassLoader for workflow-cps//org.jenkinsci.plugins.workflow.cps.CpsThreadGroup.run(CpsThreadGroup.java:437)
	at PluginClassLoader for workflow-cps//org.jenkinsci.plugins.workflow.cps.CpsThreadGroup$2.call(CpsThreadGroup.java:345)
	at PluginClassLoader for workflow-cps//org.jenkinsci.plugins.workflow.cps.CpsThreadGroup$2.call(CpsThreadGroup.java:298)
	at PluginClassLoader for workflow-cps//org.jenkinsci.plugins.workflow.cps.CpsVmExecutorService.lambda$wrap$4(CpsVmExecutorService.java:140)
	at java.base/java.util.concurrent.FutureTask.run(FutureTask.java:317)
	at hudson.remoting.SingleLaneExecutorService$1.run(SingleLaneExecutorService.java:139)
	at jenkins.util.ContextResettingExecutorService$1.run(ContextResettingExecutorService.java:28)
	at jenkins.security.ImpersonatingExecutorService$1.run(ImpersonatingExecutorService.java:68)
	at jenkins.util.ErrorLoggingExecutorService.lambda$wrap$0(ErrorLoggingExecutorService.java:51)
	at java.base/java.util.concurrent.Executors$RunnableAdapter.call(Executors.java:572)
	at java.base/java.util.concurrent.FutureTask.run(FutureTask.java:317)
	at java.base/java.util.concurrent.ThreadPoolExecutor.runWorker(ThreadPoolExecutor.java:1144)
	at java.base/java.util.concurrent.ThreadPoolExecutor$Worker.run(ThreadPoolExecutor.java:642)
	at PluginClassLoader for workflow-cps//org.jenkinsci.plugins.workflow.cps.CpsVmExecutorService$1.call(CpsVmExecutorService.java:53)
	at PluginClassLoader for workflow-cps//org.jenkinsci.plugins.workflow.cps.CpsVmExecutorService$1.call(CpsVmExecutorService.java:50)
	at org.codehaus.groovy.runtime.GroovyCategorySupport$ThreadCategoryInfo.use(GroovyCategorySupport.java:136)
	at org.codehaus.groovy.runtime.GroovyCategorySupport.use(GroovyCategorySupport.java:275)
	at PluginClassLoader for workflow-cps//org.jenkinsci.plugins.workflow.cps.CpsVmExecutorService.lambda$categoryThreadFactory$0(CpsVmExecutorService.java:50)
	at java.base/java.lang.Thread.run(Thread.java:1583)

[8mha:////4GljKli6/VpBa4EMnzkILzcnhJ3jhkcPCtOAzxdzFTSIAAAApR+LCAAAAAAAAP9tjTEOwjAQBC9BFLSUPOIiBFQoFa3lhheYxBgn1l2wHZyKF/E1/oBFJCq2WO1sM683LIOHmr3BTlNvKTQWBzeavDCx76+OE3Z8wYYpsNModZLc6tOMkqOGOUUJCwErTY3jYMlEWItOPVTlFJnqHH3+jgJK297hCYXI5qh8/MLkYXMb28D08/wVwDQMEcrDNtd+9wHw9YfNvgAAAA==[0m[Pipeline] }
[8mha:////4KfDEWRhMLIXTee9lx9iGxvS3WbrJU9U5fbdK2a1SmnyAAAApR+LCAAAAAAAAP9tjTEOwjAQBC9BFLSUPOIiRVAhqrRWGl5gYmOcWHfGdkgqXsTX+AMWkajYYrWzzbzesI4BThwM9poGS7Gz6N1o8sKJw3B1PGHPF+yYIjuNrZ5aVrpZsOWkYUlRwkrARlPnOFoyCbailw9ZOUmmOqeQv6OA0qo7PKEQ2ZxkSF+YA+xuo4pMP89fAczeJygPda59/QHItxQ8vgAAAA==[0m[Pipeline] // stage
[8mha:////4JpAR8bDhG0lphyImc94ARD8g+DjfsWivyi1cVVtavesAAAAqB+LCAAAAAAAAP9tjTEOwjAUQ3+LOrAycohUqGJCTF2jLJwgJCGkjf4vSUo7cSKuxh0IVGLCg2Vbst7zBVUMcKRgWWewdxiVY4MfbU5sotBfPE2sozNThJG8YcJMgrRplyooGVhUlLDisDaoPEWHNsGGd/Iuay/R1qcU8nbgUDp9gwcUPJOTDOlb5gDb66gj4Y/zFwDzkKDcNdn2zedZvQEYQtX8wgAAAA==[0m[Pipeline] stage
[8mha:////4Bty/OFGeHh9598AOKL8KcPI7Vjnzy7B9NZKAmBbkwVhAAAApx+LCAAAAAAAAP9tjTEOwjAUQ3+LOrAycoh0ACbE1DXKwglCE0La6P/yk9JOnIircQdaKjHhwbItWe/1hiIynIidaCy2HmPtRRd6NyUxELfXQINo6CJqwkjBCmUHRcZWS1WULCzKclhJWFusA0WPLsFGNvqhy6DRlefE03aUkHtzhydkciInzelbRobtrTeR8Mf5C4CxS5AfdrPt52fxAd9J1uLCAAAA[0m[Pipeline] { (Package)
Stage "Package" skipped due to earlier failure(s)
[8mha:////4PDmnJCgvvxYVKwnaOIwj+/pzncF0g2ROskIwjuwnDLwAAAAox+LCAAAAAAAAP9tjTEOwjAQBC9BFLSUPOLSkApR0VppeIFJjLFj3Tm2g1PxIr7GHwhEomKL1c4283zBOgY4ctBoFfWGYmvQu1HPCzOH/uo4o+ULtkyRncJG5YY7dVqw4aRgSVHCSsBGUes4GtIJtsLKu6ycJF2dU5i/g4DSdAM8oBCzOcmQvjAF2N3GLjL9PH8FMPkEZb3/VO3f4x1Rq74AAAA=[0m[Pipeline] getContext
[8mha:////4IOjX4+9BzGKqdE033R5lbm1iL5bK80X9+CR4Ky5j+k9AAAApB+LCAAAAAAAAP9tjTEOwjAQBC9BFLSUPOLSAA2iSmu54QUmNsaJdWdsh6TiRXyNPxCIRMUWq51t5vmCZYpw5GixNdQ5So3D4Hs7LRw4dhfPA7Z8xoYpsTcozSBZm3pGydnAnKKEhYCVocZzcmQzrEWr7qryimx1ynH6DgJKp2/wgEJM5qxi/sIYYXPtdWL6ef4KYAwhQ7nbf2r7Bqph/Ve+AAAA[0m[Pipeline] }
[8mha:////4N0MPU4fUJ+NogmSIErWTrsPI6Cm8kxCjCUM/D1YdNGfAAAApR+LCAAAAAAAAP9tjTEOwjAQBC9BFLSUPOJSIESBqNJabniBiY1xYt0Z2yGpeBFf4w8EIlGxxWpnm3m+YJkiHDlabA11jlLjMPjeTgsHjt3F84Atn7FhSuwNSjNI1qaeUXI2MKcoYSFgZajxnBzZDGvRqruqvCJbnXKcvoOA0ukbPKAQkzmrmL8wRthce52Yfp6/AhhDyFDu9p/avgGsJ8UCvgAAAA==[0m[Pipeline] // stage
[8mha:////4DrdlS4CQgRhs7kwzKC4yp4V7vawD00Dvw8JGgt/xr1eAAAAqB+LCAAAAAAAAP9tjUEKwjAURH8rXbh16SFSRARBunIbuvEEsYkxafi/JqnpyhN5Ne9gtODKWQwzA8N7vqAKHhrymlmFvcHQGTa4UefEEvn+4igxS2fWEQZyirUqtSTVca4tRQWzihIWHJYKO0fBoI6w4lbcRe0E6voUfd4OHEojb/CAgmdyFD5+y+RhfR1lIPxx/gJgGiKUm2223f7zrN7bshKWwgAAAA==[0m[Pipeline] stage
[8mha:////4JthN8wdAd4FFK+IVzGLEpH0a1KUKYpPHUsBqv4PUtb2AAAApx+LCAAAAAAAAP9tjTEOwjAUQ3+LOrAycoh0QgIhpq5RFk4QmhDSRv+Xn5R24kRcjTvQUokJD5ZtyXqvNxSR4UTsRGOx9RhrL7rQuymJgbi9BhpEQxdRE0YKVig7KDK2WqqiZGFRlsNKwtpiHSh6dAk2stEPXQaNrjwnnrajhNybOzwhkxM5aU7fMjJsb72JhD/OXwCMXYJ8t5/tMD+LD0XdaX3CAAAA[0m[Pipeline] { (Deploy Preparation)
Stage "Deploy Preparation" skipped due to earlier failure(s)
[8mha:////4KLM0DE4ZmbDkWH3xds/sPnHKnRLrs6Tg2fibL3+Eky3AAAApR+LCAAAAAAAAP9tjTEOwjAQBC9BFLSUPOJCAxJCqWgtN7zAJMY4se6C7eBUvIiv8QcsIlGxxWpnm3m9YRk81OwNdpp6S6GxOLjR5IWJfX91nLDjCzZMgZ1GqZPkVp9mlBw1zClKWAhYaWocB0smwlp06qEqp8hU5+jzdxRQ2vYOTyhENkfl4xcmD5vb2Aamn+evAKYhQrk75Npvhw8/Nre1vgAAAA==[0m[Pipeline] getContext
[8mha:////4EqyLmP0O0yV23E3uk+E4pAmI02/mtTmh9r6OZA2PwxnAAAAph+LCAAAAAAAAP9tjTEOwjAQBC9BFLSUPOIiCpAQSkVrueEFJjHGiXUXbAen4kV8jT9gEYmKLVY728zrDcvgoWZvsNPUWwqNxcGNJi9M7Pur44QdX7BhCuw0Sp0kt/o0o+SoYU5RwkLASlPjOFgyEdaiUw9VOUWmOkefv6OA0rZ3eEIhsjkqH78wedjcxjYw/Tx/BTANQ4Ryv821O3wAMjehBb4AAAA=[0m[Pipeline] }
[8mha:////4Cn2Ty4QyVmIk/tYIw45WQwBqfcVEgiWoN28RVJBlru+AAAAph+LCAAAAAAAAP9tjTEOwjAQBC9BFLSUPOIiIYGQUCpayw0vMIkxTqy7YDs4FS/ia/wBi0hUbLHa2WZeb1gGDzV7g52m3lJoLA5uNHlhYt9fHSfs+IINU2CnUeokudWnGSVHDXOKEhYCVpoax8GSibAWnXqoyiky1Tn6/B0FlLa9wxMKkc1R+fiFycPmNraB6ef5K4BpGCKU+22u3eEDCnUy9L4AAAA=[0m[Pipeline] // stage
[8mha:////4Ln089mRwYOSu9glcmwbqum7fYPTl82s7vgyfyQwCg5oAAAAqB+LCAAAAAAAAP9tjTEOwjAUQ3+LOrAycohUqBILYuoaZeEEIQkhbfR/SVLaiRNxNe5AoBITHizbkvWeL6higCMFyzqDvcOoHBv8aHNiE4X+4mliHZ2ZIozkDRNmEqRNu1RBycCiooQVh7VB5Sk6tAk2vJN3WXuJtj6lkLcDh9LpGzyg4JmcZEjfMgfYXkcdCX+cvwCYhwTlrsm2bz7P6g2FWD3NwgAAAA==[0m[Pipeline] stage
[8mha:////4IKt9RysAcN0cNXuXVINkXt71JKLafiiB6rdGkCRhjOwAAAApx+LCAAAAAAAAP9tjTEOwjAUQ3+LOrAycoh0ALEgpq5RFk4QmhDSRv+Xn5R24kRcjTvQUokJD5ZtyXqvNxSR4UTsRGOx9RhrL7rQuymJgbi9BhpEQxdRE0YKVig7KDK2WqqiZGFRlsNKwtpiHSh6dAk2stEPXQaNrjwnnrajhNybOzwhkxM5aU7fMjJsb72JhD/OXwCMXYL8sJttPz+LD7KBoKTCAAAA[0m[Pipeline] { (Declarative: Post Actions)
[8mha:////4IL+ap3e2HeTFxKpB9F5JYNBSfXTtrFMbXrtSqS2fIjPAAAApB+LCAAAAAAAAP9tjTEOwjAQBC9BFLSUPOLSAA2iSmu54QUmNsaJdWdsh6TiRXyNPxCIRMUWq51t5vmCZYpw5GixNdQ5So3D4Hs7LRw4dhfPA7Z8xoYpsTcozSBZm3pGydnAnKKEhYCVocZzcmQzrEWr7qryimx1ynH6DgJKp2/wgEJM5qxi/sIYYXPtdWL6ef4KYAwZyv32U7vwBlmkmCe+AAAA[0m[Pipeline] echo
Pipeline execution completed.
[8mha:////4HjJeUiVVWfSrM0Orho6xg6Y/QFWoU0PLNIm+YWC2Ih2AAAApB+LCAAAAAAAAP9tjTEOwjAQBC9BFLSUPOLSoDSIitZKwwtMYowd686xHZyKF/E1/kAgEhVbrHa2mecL1jHAkYNGq6g3FFuD3o16Xpg59FfHGS1fsGWK7BQ2KjfcqdOCDScFS4oSVgI2ilrH0ZBOsBVW3mXlJOnqnML8HQSUphvgAYWYzUmG9IUpwO42dpHp5/krgMknKOv9p2r/Bpr3tQy+AAAA[0m[Pipeline] cleanWs
[WS-CLEANUP] Deleting project workspace...
[WS-CLEANUP] Skipped based on build state FAILURE
[8mha:////4Bk182JQ1m0NE0WtmLr/vnUAaNZ/o1Oy7ecGaYh8nqCNAAAApB+LCAAAAAAAAP9tjTEOwjAQBC9BFLSUPOLSICgQVVrLDS8wsTFOrDtjOyQVL+Jr/IFAJCq2WO1sM88XLFOEI0eLraHOUWocBt/baeHAsbt4HrDlMzZMib1BaQbJ2tQzSs4G5hQlLASsDDWekyObYS1adVeVV2SrU47TdxBQOn2DBxRiMmcV8xfGCJtrrxPTz/NXAGPIUO62n9qHN9vGrhW+AAAA[0m[Pipeline] echo
Pipeline failed!
[8mha:////4GCd/M6JV/yzo4y9UHbys8K53IEXdbv7LvnxwRF4AA47AAAApR+LCAAAAAAAAP9tjTEOwjAQBC9BFLSUPOLSIISEqNJabniBiY1xYt0Z2yGpeBFf4w8EIlGxxWpnm3m+YJkiHDlabA11jlLjMPjeTgsHjt3F84Atn7FhSuwNSjNI1qaeUXI2MKcoYSFgZajxnBzZDGvRqruqvCJbnXKcvoOA0ukbPKAQkzmrmL8wRthce52Yfp6/AhhDhnK3/dQ+vAEU2jaSvgAAAA==[0m[Pipeline] emailext
Sending email to: null
Connection error sending email, retrying once more in 10 seconds...
Connection error sending email, retrying once more in 10 seconds...
Failed after second try sending email
[8mha:////4NET71rDILKvnUvdu9UfgThRhgF5DWV3gt8XIQWVAG8eAAAApR+LCAAAAAAAAP9tjTEOwjAQBC9BFLSUPOLSICSEqNJabniBiY1xYt0Z2yGpeBFf4w8EIlGxxWpnm3m+YJkiHDlabA11jlLjMPjeTgsHjt3F84Atn7FhSuwNSjNI1qaeUXI2MKcoYSFgZajxnBzZDGvRqruqvCJbnXKcvoOA0ukbPKAQkzmrmL8wRthce52Yfp6/AhhDyFDu9p/avgEhmm68vgAAAA==[0m[Pipeline] }
[8mha:////4HQ/wHrX4eDtAgbxOcNlpFRN9zi7mJRu/yDO3xALTdA8AAAAph+LCAAAAAAAAP9tjTEOwjAQBC9BFLSUPOKChAQFSkVrueEFJjHGiXUXbAen4kV8jT9gEYmKLVY728zrDcvgoWZvsNPUWwqNxcGNJi9M7Pur44QdX7BhCuw0Sp0kt/o0o+SoYU5RwkLASlPjOFgyEdaiUw9VOUWmOkefv6OA0rZ3eEIhsjkqH78wedjcxjYw/Tx/BTANQ4TysM21330A/lVyo74AAAA=[0m[Pipeline] // stage
[8mha:////4DEbNVaHXIWL0ixEVyUDMjsuvGxvc0SYG8T0KE5SPCLpAAAApR+LCAAAAAAAAP9tjTEOwjAQBC9BFLSUPOKiiIICUaW10vACExvjxLoztkNS8SK+xh+wiETFFqudbeb1hnUMcOJgsNc0WIqdRe9GkxdOHIar4wl7vmDHFNlpbPXUstLNgi0nDUuKElYCNpo6x9GSSbAVvXzIykky1TmF/B0FlFbd4QmFyOYkQ/rCHGB3G1Vk+nn+CmD2PkF5qHPV+w+cEG8nvgAAAA==[0m[Pipeline] }
[8mha:////4NYyWY1yX80J+rWjw3OFP49mn5yDg2vM+VHKykODGOX0AAAApR+LCAAAAAAAAP9tjTEOwjAQBC9BFLSUPMIRaSgQVVorDS8w8WGcWHfGdkgqXsTX+AMWkajYYrWzzbzesI4BThyM6JEGS7GzwrvR5CUmDsPV8SR6voiOKbJD0eLUssZmwZYTwpKihJWEDVLnOFoyCbayVw9VOUWmOqeQv6OE0uo7PKGQ2ZxUSF+YA+xuo45MP89fAczeJygPda59/QGkUvzWvgAAAA==[0m[Pipeline] // withEnv
[8mha:////4NjV2CyeZbuj8RDs9dBKeXf+f/cLQZzCatX3XCjgp47MAAAApR+LCAAAAAAAAP9tjTEOwjAQBC9BFLSUPOKiiIICUaW10vACExvjxLoztkNS8SK+xh+wiETFFqudbeb1hnUMcOJgsNc0WIqdRe9GkxdOHIar4wl7vmDHFNlpbPXUstLNgi0nDUuKElYCNpo6x9GSSbAVvXzIykky1TmF/B0FlFbd4QmFyOYkQ/rCHGB3G1Vk+nn+CmD2PkF52Oeq6w+70KmEvgAAAA==[0m[Pipeline] }
[8mha:////4BIsqinyg9BPCBFSWJEh5cJtkInUb/QXVMPFZx+SZnu+AAAAph+LCAAAAAAAAP9tjTEOwjAQBC9BFLSUPOICEhIFSkVrueEFJjHGiXUXbAen4kV8jT9gEYmKLVY728zrDcvgoWZvsNPUWwqNxcGNJi9M7Pur44QdX7BhCuw0Sp0kt/o0o+SoYU5RwkLASlPjOFgyEdaiUw9VOUWmOkefv6OA0rZ3eEIhsjkqH78wedjcxjYw/Tx/BTANQ4TysM+1234AldCr7r4AAAA=[0m[Pipeline] // withEnv
[8mha:////4EF3MG53CrpF6emnj2ZAIVm15o5pzefEHlA0QOE/f4w6AAAAox+LCAAAAAAAAP9tjTEOwjAQBDdBFLSUPMJpQBSIitZKwwtMYowT6y7YF5KKF/E1/kBEJCq22plmXm8sU8SRo1ONpdZTqrzqQu+mpwaO7TXwoBq+qIopcbCqtEPJtT3NWLJYzMtyLDRWlqrAyZMTrHVjHqYIhlxxlji5g0bu6zueyPRUFhPlC2PE5tbXienX+RvA2HWCfL8TZNsP6Ef8zL0AAAA=[0m[Pipeline] }
[8mha:////4Flwf8SyNpPapLwu7+uViz8GR/RFNIkQLehWTnl8+FSYAAAApB+LCAAAAAAAAP9tjTEOwjAQBDdBFLSUPMIpkKBAVLRWGl5gEmOcWHfBvpBUvIiv8QciIlGx1c4083pjmSKOHJ1qLLWeUuVVF3o3PTVwbK+BB9XwRVVMiYNVpR1Kru1pxpLFYl6WY6GxslQFTp6cYK0b8zBFMOSKs8TJHTRyX9/xRKanspgoXxgjNre+Tky/zt8Axq4T5PudINt+AJuoOBW9AAAA[0m[Pipeline] // node
[8mha:////4MV8/f0iLr2QrSk6OQR6AsRulLdtFzXenXz/iKHIc4jCAAAAox+LCAAAAAAAAP9tjbEOgjAURS8YB1dHP6IkLgzGybVh8Qsq1Fpo3sP2IUx+kb/mP0gkcfJO95zlvN5Yp4gjR6daS52nVHvVh8HNT40cu2vgUbV8UTVT4mBVZceKG3tasGKxWJblWGlsLNWBkycn2OrWPEwRDLniLHF2B43cN3c8kem5LCbKF6aI3W1oEtOv8zeAqe8FeVkKsv0HvbFfX70AAAA=[0m[Pipeline] End of Pipeline
Also:   org.jenkinsci.plugins.workflow.actions.ErrorAction$ErrorId: 9649e8a2-61b6-4d2e-a7df-9d944994b095
java.lang.NoSuchMethodError: No such DSL method 'publishTestResults' found among steps [archive, bat, build, catchError, checkout, deleteDir, dir, echo, emailext, emailextrecipients, envVarsForTool, error, fileExists, findBuildScans, getContext, git, input, isUnix, junit, library, libraryResource, load, mail, milestone, node, parallel, powershell, properties, publishChecks, pwd, pwsh, readFile, readTrusted, resolveScm, retry, script, sh, sleep, stage, stash, step, timeout, timestamps, tm, tool, unarchive, unstable, unstash, validateDeclarativePipeline, waitForBuild, waitUntil, warnError, withChecks, withContext, withCredentials, withEnv, withGradle, wrap, writeFile, ws] or symbols [GitUsernamePassword, agent, all, allBranchesSame, allOf, always, ant, antFromApache, antOutcome, antTarget, any, anyOf, apiToken, apiTokenProperty, architecture, archiveArtifacts, artifactManager, assembla, authorInChangelog, authorizationMatrix, batchFile, bitbucket, bitbucketServer, booleanParam, branch, brokenBuildSuspects, brokenTestsSuspects, browser, buildButton, buildDiscarder, buildDiscarders, buildRetention, buildSingleRevisionOnly, buildUser, buildingTag, builtInNode, caseInsensitive, caseSensitive, certificate, cgit, changeRequest, changelog, changelogBase, changelogToBranch, changeset, checkoutOption, checkoutToSubdirectory, choice, choiceParam, cleanAfterCheckout, cleanBeforeCheckout, cleanWs, clock, cloneOption, command, computerRetentionCheckInterval, consoleUrlProvider, contributor, cps, credentials, cron, crumb, culprits, dark, darkSystem, default, defaultDisplayUrlProvider, defaultFolderConfiguration, defaultView, demand, developers, disableConcurrentBuilds, disableRestartFromStage, disableResume, discoverOtherRefs, discoverOtherRefsTrait, diskSpace, diskSpaceMonitor, downstream, dumb, durabilityHint, email-ext, envVars, envVarsFilter, environment, equals, experimentalFlags, expression, extendedEmailPublisher, file, fileParam, filePath, fingerprint, fingerprints, firstBuildChangelog, fisheye, frameOptions, freeStyle, freeStyleJob, fromScm, fromSource, git, gitBranchDiscovery, gitHooks, gitHubBranchDiscovery, gitHubBranchHeadAuthority, gitHubExcludeArchivedRepositories, gitHubExcludeForkedRepositories, gitHubExcludePrivateRepositories, gitHubExcludePublicRepositories, gitHubForkDiscovery, gitHubIgnoreDraftPullRequestFilter, gitHubPullRequestDiscovery, gitHubSshCheckout, gitHubTagDiscovery, gitHubTopicsFilter, gitHubTrustContributors, gitHubTrustEveryone, gitHubTrustNobody, gitHubTrustPermissions, gitLab, gitList, gitSCM, gitTagDiscovery, gitTool, gitUsernamePassword, gitWeb, gitblit, github, githubProjectProperty, githubPush, gitiles, gogs, gradle, group, headRegexFilter, headWildcardFilter, hyperlink, hyperlinkToModels, ignoreOnPush, inbound, inheriting, inheritingGlobal, installSource, isRestartedRun, jdk, jgit, jgitapache, jnlp, jobBuildDiscarder, jobName, junitTestResultStorage, kiln, label, lastDuration, lastFailure, lastGrantedAuthorities, lastStable, lastSuccess, legacy, legacySCM, lfs, list, local, localBranch, localBranchTrait, location, logRotator, loggedInUsersCanDoAnything, mailer, masterBuild, maven, maven3Mojos, mavenErrors, mavenGlobalConfig, mavenMojos, mavenWarnings, modernSCM, multiBranchProjectDisplayNaming, multibranch, myView, namedBranchesDifferent, node, nodeProperties, nonInheriting, none, nonresumable, not, organizationFolder, overrideIndexTriggers, paneStatus, parallelsAlwaysFailFast, parameters, password, pattern, perBuildTag, permanent, phabricator, pipeline, pipelineGraphView, pipelineTriggers, plainText, plugin, pollSCM, preserveStashes, previous, projectNamingStrategy, proxy, pruneStaleBranch, pruneStaleTag, pruneTags, queueItemAuthenticator, quietPeriod, rateLimit, rateLimitBuilds, recipients, redmine, refSpecs, remoteName, requestor, resourceRoot, responseTime, retainOnlyVariables, rhodeCode, run, runParam, sSHLauncher, schedule, scmGit, scmRetryCount, scriptApproval, scriptApprovalLink, search, security, shell, simpleBuildDiscarder, skipDefaultCheckout, skipStagesAfterUnstable, slave, sourceRegexFilter, sourceWildcardFilter, sparseCheckout, sparseCheckoutPaths, ssh, sshUserPrivateKey, standard, status, string, stringParam, submodule, submoduleOption, suppressAutomaticTriggering, suppressFolderAutomaticTriggering, swapSpace, tag, teamFoundation, teamSlugFilter, text, textParam, themeManager, timestamper, timestamperConfig, timezone, tmpSpace, toolLocation, triggeredBy, unsecured, untrusted, upstream, upstreamDevelopers, user, userIdentity, userOrGroup, userSeed, usernameColonPassword, usernamePassword, viewgit, viewsTabBar, weather, withAnt, zip] or globals [currentBuild, env, params, pipeline, scm]
	at PluginClassLoader for workflow-cps//org.jenkinsci.plugins.workflow.cps.DSL.invokeMethod(DSL.java:218)
	at PluginClassLoader for workflow-cps//org.jenkinsci.plugins.workflow.cps.CpsScript.invokeMethod(CpsScript.java:124)
	at java.base/jdk.internal.reflect.DirectMethodHandleAccessor.invoke(DirectMethodHandleAccessor.java:103)
	at java.base/java.lang.reflect.Method.invoke(Method.java:580)
	at org.codehaus.groovy.reflection.CachedMethod.invoke(CachedMethod.java:98)
	at groovy.lang.MetaMethod.doMethodInvoke(MetaMethod.java:325)
	at groovy.lang.MetaClassImpl.invokeMethod(MetaClassImpl.java:1225)
	at groovy.lang.MetaClassImpl.invokeMethod(MetaClassImpl.java:1034)
	at org.codehaus.groovy.runtime.callsite.PogoMetaClassSite.call(PogoMetaClassSite.java:41)
	at org.codehaus.groovy.runtime.callsite.CallSiteArray.defaultCall(CallSiteArray.java:47)
	at org.codehaus.groovy.runtime.callsite.AbstractCallSite.call(AbstractCallSite.java:116)
	at PluginClassLoader for script-security//org.kohsuke.groovy.sandbox.impl.Checker$1.call(Checker.java:180)
	at PluginClassLoader for script-security//org.kohsuke.groovy.sandbox.GroovyInterceptor.onMethodCall(GroovyInterceptor.java:23)
	at PluginClassLoader for script-security//org.jenkinsci.plugins.scriptsecurity.sandbox.groovy.SandboxInterceptor.onMethodCall(SandboxInterceptor.java:163)
	at PluginClassLoader for script-security//org.kohsuke.groovy.sandbox.impl.Checker$1.call(Checker.java:178)
	at PluginClassLoader for script-security//org.kohsuke.groovy.sandbox.impl.Checker.checkedCall(Checker.java:182)
	at PluginClassLoader for script-security//org.kohsuke.groovy.sandbox.impl.Checker.checkedCall(Checker.java:152)
	at PluginClassLoader for workflow-cps//com.cloudbees.groovy.cps.sandbox.SandboxInvoker.methodCall(SandboxInvoker.java:17)
	at PluginClassLoader for workflow-cps//org.jenkinsci.plugins.workflow.cps.LoggingInvoker.methodCall(LoggingInvoker.java:118)
	at WorkflowScript.run(WorkflowScript:133)
	at org.jenkinsci.plugins.pipeline.modeldefinition.ModelInterpreter.delegateAndExecute(ModelInterpreter.groovy:139)
	at org.jenkinsci.plugins.pipeline.modeldefinition.ModelInterpreter.runPostConditions(ModelInterpreter.groovy:728)
	at org.jenkinsci.plugins.pipeline.modeldefinition.ModelInterpreter.catchRequiredContextForNode(ModelInterpreter.groovy:390)
	at org.jenkinsci.plugins.pipeline.modeldefinition.ModelInterpreter.runPostConditions(ModelInterpreter.groovy:727)
	at com.cloudbees.groovy.cps.CpsDefaultGroovyMethods.each(CpsDefaultGroovyMethods:2125)
	at com.cloudbees.groovy.cps.CpsDefaultGroovyMethods.each(CpsDefaultGroovyMethods:2110)
	at com.cloudbees.groovy.cps.CpsDefaultGroovyMethods.each(CpsDefaultGroovyMethods:2151)
	at org.jenkinsci.plugins.pipeline.modeldefinition.ModelInterpreter.runPostConditions(ModelInterpreter.groovy:717)
	at org.jenkinsci.plugins.pipeline.modeldefinition.ModelInterpreter.executeSingleStage(ModelInterpreter.groovy:644)
	at org.jenkinsci.plugins.pipeline.modeldefinition.ModelInterpreter.evaluateStage(ModelInterpreter.groovy:292)
	at org.jenkinsci.plugins.pipeline.modeldefinition.ModelInterpreter.toolsBlock(ModelInterpreter.groovy:521)
	at org.jenkinsci.plugins.pipeline.modeldefinition.ModelInterpreter.evaluateStage(ModelInterpreter.groovy:280)
	at org.jenkinsci.plugins.pipeline.modeldefinition.ModelInterpreter.withEnvBlock(ModelInterpreter.groovy:432)
	at org.jenkinsci.plugins.pipeline.modeldefinition.ModelInterpreter.evaluateStage(ModelInterpreter.groovy:279)
	at org.jenkinsci.plugins.pipeline.modeldefinition.ModelInterpreter.withCredentialsBlock(ModelInterpreter.groovy:464)
	at org.jenkinsci.plugins.pipeline.modeldefinition.ModelInterpreter.evaluateStage(ModelInterpreter.groovy:278)
	at org.jenkinsci.plugins.pipeline.modeldefinition.ModelInterpreter.inDeclarativeAgent(ModelInterpreter.groovy:561)
	at org.jenkinsci.plugins.pipeline.modeldefinition.ModelInterpreter.evaluateStage(ModelInterpreter.groovy:276)
	at org.jenkinsci.plugins.pipeline.modeldefinition.ModelInterpreter.stageInput(ModelInterpreter.groovy:354)
	at org.jenkinsci.plugins.pipeline.modeldefinition.ModelInterpreter.evaluateStage(ModelInterpreter.groovy:265)
	at org.jenkinsci.plugins.pipeline.modeldefinition.ModelInterpreter.inWrappers(ModelInterpreter.groovy:592)
	at org.jenkinsci.plugins.pipeline.modeldefinition.ModelInterpreter.evaluateStage(ModelInterpreter.groovy:263)
	at org.jenkinsci.plugins.pipeline.modeldefinition.ModelInterpreter.withEnvBlock(ModelInterpreter.groovy:432)
	at org.jenkinsci.plugins.pipeline.modeldefinition.ModelInterpreter.evaluateStage(ModelInterpreter.groovy:258)
	at ___cps.transform___(Native Method)
	at PluginClassLoader for workflow-cps//com.cloudbees.groovy.cps.impl.ContinuationGroup.methodCall(ContinuationGroup.java:90)
	at PluginClassLoader for workflow-cps//com.cloudbees.groovy.cps.impl.FunctionCallBlock$ContinuationImpl.dispatchOrArg(FunctionCallBlock.java:114)
	at PluginClassLoader for workflow-cps//com.cloudbees.groovy.cps.impl.FunctionCallBlock$ContinuationImpl.fixArg(FunctionCallBlock.java:83)
	at java.base/jdk.internal.reflect.DirectMethodHandleAccessor.invoke(DirectMethodHandleAccessor.java:103)
	at java.base/java.lang.reflect.Method.invoke(Method.java:580)
	at PluginClassLoader for workflow-cps//com.cloudbees.groovy.cps.impl.ContinuationPtr$ContinuationImpl.receive(ContinuationPtr.java:72)
	at PluginClassLoader for workflow-cps//com.cloudbees.groovy.cps.impl.CollectionLiteralBlock$ContinuationImpl.dispatch(CollectionLiteralBlock.java:55)
	at PluginClassLoader for workflow-cps//com.cloudbees.groovy.cps.impl.CollectionLiteralBlock$ContinuationImpl.item(CollectionLiteralBlock.java:45)
	at java.base/jdk.internal.reflect.DirectMethodHandleAccessor.invoke(DirectMethodHandleAccessor.java:103)
	at java.base/java.lang.reflect.Method.invoke(Method.java:580)
	at PluginClassLoader for workflow-cps//com.cloudbees.groovy.cps.impl.ContinuationPtr$ContinuationImpl.receive(ContinuationPtr.java:72)
	at PluginClassLoader for workflow-cps//com.cloudbees.groovy.cps.impl.ConstantBlock.eval(ConstantBlock.java:21)
	at PluginClassLoader for workflow-cps//com.cloudbees.groovy.cps.Next.step(Next.java:83)
	at PluginClassLoader for workflow-cps//com.cloudbees.groovy.cps.Continuable.run0(Continuable.java:147)
	at PluginClassLoader for workflow-cps//org.jenkinsci.plugins.workflow.cps.SandboxContinuable.access$001(SandboxContinuable.java:17)
	at PluginClassLoader for workflow-cps//org.jenkinsci.plugins.workflow.cps.SandboxContinuable.run0(SandboxContinuable.java:49)
	at PluginClassLoader for workflow-cps//org.jenkinsci.plugins.workflow.cps.CpsThread.runNextChunk(CpsThread.java:181)
	at PluginClassLoader for workflow-cps//org.jenkinsci.plugins.workflow.cps.CpsThreadGroup.run(CpsThreadGroup.java:437)
	at PluginClassLoader for workflow-cps//org.jenkinsci.plugins.workflow.cps.CpsThreadGroup$2.call(CpsThreadGroup.java:345)
	at PluginClassLoader for workflow-cps//org.jenkinsci.plugins.workflow.cps.CpsThreadGroup$2.call(CpsThreadGroup.java:298)
	at PluginClassLoader for workflow-cps//org.jenkinsci.plugins.workflow.cps.CpsVmExecutorService.lambda$wrap$4(CpsVmExecutorService.java:140)
	at java.base/java.util.concurrent.FutureTask.run(FutureTask.java:317)
	at hudson.remoting.SingleLaneExecutorService$1.run(SingleLaneExecutorService.java:139)
	at jenkins.util.ContextResettingExecutorService$1.run(ContextResettingExecutorService.java:28)
	at jenkins.security.ImpersonatingExecutorService$1.run(ImpersonatingExecutorService.java:68)
	at jenkins.util.ErrorLoggingExecutorService.lambda$wrap$0(ErrorLoggingExecutorService.java:51)
	at java.base/java.util.concurrent.Executors$RunnableAdapter.call(Executors.java:572)
	at java.base/java.util.concurrent.FutureTask.run(FutureTask.java:317)
	at java.base/java.util.concurrent.ThreadPoolExecutor.runWorker(ThreadPoolExecutor.java:1144)
	at java.base/java.util.concurrent.ThreadPoolExecutor$Worker.run(ThreadPoolExecutor.java:642)
	at PluginClassLoader for workflow-cps//org.jenkinsci.plugins.workflow.cps.CpsVmExecutorService$1.call(CpsVmExecutorService.java:53)
	at PluginClassLoader for workflow-cps//org.jenkinsci.plugins.workflow.cps.CpsVmExecutorService$1.call(CpsVmExecutorService.java:50)
	at org.codehaus.groovy.runtime.GroovyCategorySupport$ThreadCategoryInfo.use(GroovyCategorySupport.java:136)
	at org.codehaus.groovy.runtime.GroovyCategorySupport.use(GroovyCategorySupport.java:275)
	at PluginClassLoader for workflow-cps//org.jenkinsci.plugins.workflow.cps.CpsVmExecutorService.lambda$categoryThreadFactory$0(CpsVmExecutorService.java:50)
	at java.base/java.lang.Thread.run(Thread.java:1583)
Finished: FAILURE
